[0.066s] DEBUG:colcon:Command line arguments: ['/usr/bin/colcon', 'build', '--packages-select', 'lio_sam']
[0.066s] DEBUG:colcon:Parsed command line arguments: Namespace(log_base=None, log_level=None, verb_name='build', build_base='build', install_base='install', merge_install=False, symlink_install=False, test_result_base=None, continue_on_error=False, executor='parallel', parallel_workers=12, event_handlers=None, ignore_user_meta=False, metas=['./colcon.meta'], base_paths=['.'], packages_ignore=None, packages_ignore_regex=None, paths=None, packages_up_to=None, packages_up_to_regex=None, packages_above=None, packages_above_and_dependencies=None, packages_above_depth=None, packages_select_by_dep=None, packages_skip_by_dep=None, packages_skip_up_to=None, packages_select_build_failed=False, packages_skip_build_finished=False, packages_select_test_failures=False, packages_skip_test_passed=False, packages_select=['lio_sam'], packages_skip=None, packages_select_regex=None, packages_skip_regex=None, packages_start=None, packages_end=None, allow_overriding=[], cmake_args=None, cmake_target=None, cmake_target_skip_unavailable=False, cmake_clean_cache=False, cmake_clean_first=False, cmake_force_configure=False, ament_cmake_args=None, catkin_cmake_args=None, catkin_skip_building_tests=False, mixin_files=None, mixin=None, verb_parser=<colcon_mixin.mixin.mixin_argument.MixinArgumentDecorator object at 0x75bd2dd02770>, verb_extension=<colcon_core.verb.build.BuildVerb object at 0x75bd2de4ae60>, main=<bound method BuildVerb.main of <colcon_core.verb.build.BuildVerb object at 0x75bd2de4ae60>>, mixin_verb=('build',))
[0.159s] Level 1:colcon.colcon_core.package_discovery:discover_packages(colcon_meta) check parameters
[0.159s] Level 1:colcon.colcon_core.package_discovery:discover_packages(recursive) check parameters
[0.159s] Level 1:colcon.colcon_core.package_discovery:discover_packages(ignore) check parameters
[0.159s] Level 1:colcon.colcon_core.package_discovery:discover_packages(path) check parameters
[0.159s] Level 1:colcon.colcon_core.package_discovery:discover_packages(colcon_meta) discover
[0.159s] Level 1:colcon.colcon_core.package_discovery:discover_packages(recursive) discover
[0.159s] INFO:colcon.colcon_core.package_discovery:Crawling recursively for packages in '/home/mscroboticslaptop19/ros2_ws/src/LIO-SAM'
[0.159s] Level 1:colcon.colcon_core.package_identification:_identify(.) by extensions ['ignore', 'ignore_ament_install']
[0.159s] Level 1:colcon.colcon_core.package_identification:_identify(.) by extension 'ignore'
[0.159s] Level 1:colcon.colcon_core.package_identification:_identify(.) by extension 'ignore_ament_install'
[0.159s] Level 1:colcon.colcon_core.package_identification:_identify(.) by extensions ['colcon_pkg']
[0.159s] Level 1:colcon.colcon_core.package_identification:_identify(.) by extension 'colcon_pkg'
[0.159s] Level 1:colcon.colcon_core.package_identification:_identify(.) by extensions ['colcon_meta']
[0.159s] Level 1:colcon.colcon_core.package_identification:_identify(.) by extension 'colcon_meta'
[0.160s] Level 1:colcon.colcon_core.package_identification:_identify(.) by extensions ['ros']
[0.160s] Level 1:colcon.colcon_core.package_identification:_identify(.) by extension 'ros'
[0.168s] DEBUG:colcon.colcon_core.package_identification:Package '.' with type 'ros.ament_cmake' and name 'lio_sam'
[0.168s] Level 1:colcon.colcon_core.package_discovery:discover_packages(recursive) using defaults
[0.168s] Level 1:colcon.colcon_core.package_discovery:discover_packages(ignore) discover
[0.168s] Level 1:colcon.colcon_core.package_discovery:discover_packages(ignore) using defaults
[0.168s] Level 1:colcon.colcon_core.package_discovery:discover_packages(path) discover
[0.168s] Level 1:colcon.colcon_core.package_discovery:discover_packages(path) using defaults
[0.186s] Level 1:colcon.colcon_core.package_discovery:discover_packages(prefix_path) check parameters
[0.187s] Level 1:colcon.colcon_core.package_discovery:discover_packages(prefix_path) discover
[0.188s] DEBUG:colcon.colcon_installed_package_information.package_discovery:Found 3 installed packages in /home/mscroboticslaptop19/ros2_ws/install
[0.189s] DEBUG:colcon.colcon_installed_package_information.package_discovery:Found 469 installed packages in /opt/ros/humble
[0.190s] Level 1:colcon.colcon_core.package_discovery:discover_packages(prefix_path) using defaults
[0.226s] Level 5:colcon.colcon_core.verb:set package 'lio_sam' build argument 'cmake_args' from command line to 'None'
[0.226s] Level 5:colcon.colcon_core.verb:set package 'lio_sam' build argument 'cmake_target' from command line to 'None'
[0.226s] Level 5:colcon.colcon_core.verb:set package 'lio_sam' build argument 'cmake_target_skip_unavailable' from command line to 'False'
[0.226s] Level 5:colcon.colcon_core.verb:set package 'lio_sam' build argument 'cmake_clean_cache' from command line to 'False'
[0.226s] Level 5:colcon.colcon_core.verb:set package 'lio_sam' build argument 'cmake_clean_first' from command line to 'False'
[0.226s] Level 5:colcon.colcon_core.verb:set package 'lio_sam' build argument 'cmake_force_configure' from command line to 'False'
[0.226s] Level 5:colcon.colcon_core.verb:set package 'lio_sam' build argument 'ament_cmake_args' from command line to 'None'
[0.226s] Level 5:colcon.colcon_core.verb:set package 'lio_sam' build argument 'catkin_cmake_args' from command line to 'None'
[0.226s] Level 5:colcon.colcon_core.verb:set package 'lio_sam' build argument 'catkin_skip_building_tests' from command line to 'False'
[0.226s] DEBUG:colcon.colcon_core.verb:Building package 'lio_sam' with the following arguments: {'ament_cmake_args': None, 'build_base': '/home/mscroboticslaptop19/ros2_ws/src/LIO-SAM/build/lio_sam', 'catkin_cmake_args': None, 'catkin_skip_building_tests': False, 'cmake_args': None, 'cmake_clean_cache': False, 'cmake_clean_first': False, 'cmake_force_configure': False, 'cmake_target': None, 'cmake_target_skip_unavailable': False, 'install_base': '/home/mscroboticslaptop19/ros2_ws/src/LIO-SAM/install/lio_sam', 'merge_install': False, 'path': '/home/mscroboticslaptop19/ros2_ws/src/LIO-SAM', 'symlink_install': False, 'test_result_base': None}
[0.226s] INFO:colcon.colcon_core.executor:Executing jobs using 'parallel' executor
[0.227s] DEBUG:colcon.colcon_parallel_executor.executor.parallel:run_until_complete
[0.227s] INFO:colcon.colcon_ros.task.ament_cmake.build:Building ROS package in '/home/mscroboticslaptop19/ros2_ws/src/LIO-SAM' with build type 'ament_cmake'
[0.227s] INFO:colcon.colcon_cmake.task.cmake.build:Building CMake package in '/home/mscroboticslaptop19/ros2_ws/src/LIO-SAM'
[0.228s] INFO:colcon.colcon_core.plugin_system:Skipping extension 'colcon_core.shell.bat': Not used on non-Windows systems
[0.228s] INFO:colcon.colcon_core.shell:Skip shell extension 'powershell' for command environment: Not usable outside of PowerShell
[0.228s] DEBUG:colcon.colcon_core.shell:Skip shell extension 'dsv' for command environment
[0.236s] DEBUG:colcon.colcon_core.event_handler.log_command:Invoking command in '/home/mscroboticslaptop19/ros2_ws/src/LIO-SAM/build/lio_sam': CMAKE_PREFIX_PATH=${CMAKE_PREFIX_PATH}:/home/mscroboticslaptop19/ros2_ws/install/example_urdf_robot:/opt/ros/humble /usr/bin/cmake --build /home/mscroboticslaptop19/ros2_ws/src/LIO-SAM/build/lio_sam -- -j12 -l12
[39.794s] DEBUG:colcon.colcon_core.event_handler.log_command:Invoked command in '/home/mscroboticslaptop19/ros2_ws/src/LIO-SAM/build/lio_sam' returned '0': CMAKE_PREFIX_PATH=${CMAKE_PREFIX_PATH}:/home/mscroboticslaptop19/ros2_ws/install/example_urdf_robot:/opt/ros/humble /usr/bin/cmake --build /home/mscroboticslaptop19/ros2_ws/src/LIO-SAM/build/lio_sam -- -j12 -l12
[39.871s] DEBUG:colcon.colcon_core.event_handler.log_command:Invoking command in '/home/mscroboticslaptop19/ros2_ws/src/LIO-SAM/build/lio_sam': CMAKE_PREFIX_PATH=${CMAKE_PREFIX_PATH}:/home/mscroboticslaptop19/ros2_ws/install/example_urdf_robot:/opt/ros/humble /usr/bin/cmake --install /home/mscroboticslaptop19/ros2_ws/src/LIO-SAM/build/lio_sam
[39.907s] Level 1:colcon.colcon_core.environment:create_environment_scripts_only(lio_sam)
[39.909s] DEBUG:colcon.colcon_core.event_handler.log_command:Invoked command in '/home/mscroboticslaptop19/ros2_ws/src/LIO-SAM/build/lio_sam' returned '0': CMAKE_PREFIX_PATH=${CMAKE_PREFIX_PATH}:/home/mscroboticslaptop19/ros2_ws/install/example_urdf_robot:/opt/ros/humble /usr/bin/cmake --install /home/mscroboticslaptop19/ros2_ws/src/LIO-SAM/build/lio_sam
[39.909s] Level 1:colcon.colcon_core.environment:checking '/home/mscroboticslaptop19/ros2_ws/src/LIO-SAM/install/lio_sam' for CMake module files
[39.910s] Level 1:colcon.colcon_core.environment:checking '/home/mscroboticslaptop19/ros2_ws/src/LIO-SAM/install/lio_sam' for CMake config files
[39.910s] Level 1:colcon.colcon_core.shell:create_environment_hook('lio_sam', 'cmake_prefix_path')
[39.910s] INFO:colcon.colcon_core.shell:Creating environment hook '/home/mscroboticslaptop19/ros2_ws/src/LIO-SAM/install/lio_sam/share/lio_sam/hook/cmake_prefix_path.ps1'
[39.910s] INFO:colcon.colcon_core.shell:Creating environment descriptor '/home/mscroboticslaptop19/ros2_ws/src/LIO-SAM/install/lio_sam/share/lio_sam/hook/cmake_prefix_path.dsv'
[39.911s] INFO:colcon.colcon_core.shell:Creating environment hook '/home/mscroboticslaptop19/ros2_ws/src/LIO-SAM/install/lio_sam/share/lio_sam/hook/cmake_prefix_path.sh'
[39.911s] Level 1:colcon.colcon_core.environment:checking '/home/mscroboticslaptop19/ros2_ws/src/LIO-SAM/install/lio_sam/lib'
[39.911s] Level 1:colcon.colcon_core.shell:create_environment_hook('lio_sam', 'ld_library_path_lib')
[39.911s] INFO:colcon.colcon_core.shell:Creating environment hook '/home/mscroboticslaptop19/ros2_ws/src/LIO-SAM/install/lio_sam/share/lio_sam/hook/ld_library_path_lib.ps1'
[39.912s] INFO:colcon.colcon_core.shell:Creating environment descriptor '/home/mscroboticslaptop19/ros2_ws/src/LIO-SAM/install/lio_sam/share/lio_sam/hook/ld_library_path_lib.dsv'
[39.912s] INFO:colcon.colcon_core.shell:Creating environment hook '/home/mscroboticslaptop19/ros2_ws/src/LIO-SAM/install/lio_sam/share/lio_sam/hook/ld_library_path_lib.sh'
[39.912s] Level 1:colcon.colcon_core.environment:checking '/home/mscroboticslaptop19/ros2_ws/src/LIO-SAM/install/lio_sam/bin'
[39.912s] Level 1:colcon.colcon_core.environment:checking '/home/mscroboticslaptop19/ros2_ws/src/LIO-SAM/install/lio_sam/lib/pkgconfig/lio_sam.pc'
[39.912s] Level 1:colcon.colcon_core.environment:checking '/home/mscroboticslaptop19/ros2_ws/src/LIO-SAM/install/lio_sam/lib/python3.10/site-packages'
[39.912s] Level 1:colcon.colcon_core.environment:checking '/home/mscroboticslaptop19/ros2_ws/src/LIO-SAM/install/lio_sam/bin'
[39.912s] INFO:colcon.colcon_core.shell:Creating package script '/home/mscroboticslaptop19/ros2_ws/src/LIO-SAM/install/lio_sam/share/lio_sam/package.ps1'
[39.913s] INFO:colcon.colcon_core.shell:Creating package descriptor '/home/mscroboticslaptop19/ros2_ws/src/LIO-SAM/install/lio_sam/share/lio_sam/package.dsv'
[39.913s] INFO:colcon.colcon_core.shell:Creating package script '/home/mscroboticslaptop19/ros2_ws/src/LIO-SAM/install/lio_sam/share/lio_sam/package.sh'
[39.914s] INFO:colcon.colcon_core.shell:Creating package script '/home/mscroboticslaptop19/ros2_ws/src/LIO-SAM/install/lio_sam/share/lio_sam/package.bash'
[39.914s] INFO:colcon.colcon_core.shell:Creating package script '/home/mscroboticslaptop19/ros2_ws/src/LIO-SAM/install/lio_sam/share/lio_sam/package.zsh'
[39.914s] Level 1:colcon.colcon_core.environment:create_file_with_runtime_dependencies(/home/mscroboticslaptop19/ros2_ws/src/LIO-SAM/install/lio_sam/share/colcon-core/packages/lio_sam)
[39.986s] Level 1:colcon.colcon_core.environment:create_environment_scripts_only(lio_sam)
[39.986s] Level 1:colcon.colcon_core.environment:checking '/home/mscroboticslaptop19/ros2_ws/src/LIO-SAM/install/lio_sam' for CMake module files
[39.987s] Level 1:colcon.colcon_core.environment:checking '/home/mscroboticslaptop19/ros2_ws/src/LIO-SAM/install/lio_sam' for CMake config files
[39.987s] Level 1:colcon.colcon_core.shell:create_environment_hook('lio_sam', 'cmake_prefix_path')
[39.987s] INFO:colcon.colcon_core.shell:Creating environment hook '/home/mscroboticslaptop19/ros2_ws/src/LIO-SAM/install/lio_sam/share/lio_sam/hook/cmake_prefix_path.ps1'
[39.988s] INFO:colcon.colcon_core.shell:Creating environment descriptor '/home/mscroboticslaptop19/ros2_ws/src/LIO-SAM/install/lio_sam/share/lio_sam/hook/cmake_prefix_path.dsv'
[39.988s] INFO:colcon.colcon_core.shell:Creating environment hook '/home/mscroboticslaptop19/ros2_ws/src/LIO-SAM/install/lio_sam/share/lio_sam/hook/cmake_prefix_path.sh'
[39.988s] Level 1:colcon.colcon_core.environment:checking '/home/mscroboticslaptop19/ros2_ws/src/LIO-SAM/install/lio_sam/lib'
[39.988s] Level 1:colcon.colcon_core.shell:create_environment_hook('lio_sam', 'ld_library_path_lib')
[39.988s] INFO:colcon.colcon_core.shell:Creating environment hook '/home/mscroboticslaptop19/ros2_ws/src/LIO-SAM/install/lio_sam/share/lio_sam/hook/ld_library_path_lib.ps1'
[39.989s] INFO:colcon.colcon_core.shell:Creating environment descriptor '/home/mscroboticslaptop19/ros2_ws/src/LIO-SAM/install/lio_sam/share/lio_sam/hook/ld_library_path_lib.dsv'
[39.989s] INFO:colcon.colcon_core.shell:Creating environment hook '/home/mscroboticslaptop19/ros2_ws/src/LIO-SAM/install/lio_sam/share/lio_sam/hook/ld_library_path_lib.sh'
[39.989s] Level 1:colcon.colcon_core.environment:checking '/home/mscroboticslaptop19/ros2_ws/src/LIO-SAM/install/lio_sam/bin'
[39.989s] Level 1:colcon.colcon_core.environment:checking '/home/mscroboticslaptop19/ros2_ws/src/LIO-SAM/install/lio_sam/lib/pkgconfig/lio_sam.pc'
[39.989s] Level 1:colcon.colcon_core.environment:checking '/home/mscroboticslaptop19/ros2_ws/src/LIO-SAM/install/lio_sam/lib/python3.10/site-packages'
[39.989s] Level 1:colcon.colcon_core.environment:checking '/home/mscroboticslaptop19/ros2_ws/src/LIO-SAM/install/lio_sam/bin'
[39.989s] INFO:colcon.colcon_core.shell:Creating package script '/home/mscroboticslaptop19/ros2_ws/src/LIO-SAM/install/lio_sam/share/lio_sam/package.ps1'
[39.990s] INFO:colcon.colcon_core.shell:Creating package descriptor '/home/mscroboticslaptop19/ros2_ws/src/LIO-SAM/install/lio_sam/share/lio_sam/package.dsv'
[39.990s] INFO:colcon.colcon_core.shell:Creating package script '/home/mscroboticslaptop19/ros2_ws/src/LIO-SAM/install/lio_sam/share/lio_sam/package.sh'
[39.990s] INFO:colcon.colcon_core.shell:Creating package script '/home/mscroboticslaptop19/ros2_ws/src/LIO-SAM/install/lio_sam/share/lio_sam/package.bash'
[39.990s] INFO:colcon.colcon_core.shell:Creating package script '/home/mscroboticslaptop19/ros2_ws/src/LIO-SAM/install/lio_sam/share/lio_sam/package.zsh'
[39.991s] Level 1:colcon.colcon_core.environment:create_file_with_runtime_dependencies(/home/mscroboticslaptop19/ros2_ws/src/LIO-SAM/install/lio_sam/share/colcon-core/packages/lio_sam)
[39.991s] DEBUG:colcon.colcon_parallel_executor.executor.parallel:closing loop
[39.991s] DEBUG:colcon.colcon_parallel_executor.executor.parallel:loop closed
[39.991s] DEBUG:colcon.colcon_parallel_executor.executor.parallel:run_until_complete finished with '0'
[39.991s] DEBUG:colcon.colcon_core.event_reactor:joining thread
[39.994s] INFO:colcon.colcon_core.plugin_system:Skipping extension 'colcon_notification.desktop_notification.terminal_notifier': Not used on non-Darwin systems
[39.994s] INFO:colcon.colcon_core.plugin_system:Skipping extension 'colcon_notification.desktop_notification.win32': Not used on non-Windows systems
[39.994s] INFO:colcon.colcon_notification.desktop_notification:Sending desktop notification using 'notify2'
[40.154s] DEBUG:colcon.colcon_core.event_reactor:joined thread
[40.154s] INFO:colcon.colcon_core.shell:Creating prefix script '/home/mscroboticslaptop19/ros2_ws/src/LIO-SAM/install/local_setup.ps1'
[40.155s] INFO:colcon.colcon_core.shell:Creating prefix util module '/home/mscroboticslaptop19/ros2_ws/src/LIO-SAM/install/_local_setup_util_ps1.py'
[40.156s] INFO:colcon.colcon_core.shell:Creating prefix chain script '/home/mscroboticslaptop19/ros2_ws/src/LIO-SAM/install/setup.ps1'
[40.156s] INFO:colcon.colcon_core.shell:Creating prefix script '/home/mscroboticslaptop19/ros2_ws/src/LIO-SAM/install/local_setup.sh'
[40.157s] INFO:colcon.colcon_core.shell:Creating prefix util module '/home/mscroboticslaptop19/ros2_ws/src/LIO-SAM/install/_local_setup_util_sh.py'
[40.157s] INFO:colcon.colcon_core.shell:Creating prefix chain script '/home/mscroboticslaptop19/ros2_ws/src/LIO-SAM/install/setup.sh'
[40.157s] INFO:colcon.colcon_core.shell:Creating prefix script '/home/mscroboticslaptop19/ros2_ws/src/LIO-SAM/install/local_setup.bash'
[40.158s] INFO:colcon.colcon_core.shell:Creating prefix chain script '/home/mscroboticslaptop19/ros2_ws/src/LIO-SAM/install/setup.bash'
[40.158s] INFO:colcon.colcon_core.shell:Creating prefix script '/home/mscroboticslaptop19/ros2_ws/src/LIO-SAM/install/local_setup.zsh'
[40.158s] INFO:colcon.colcon_core.shell:Creating prefix chain script '/home/mscroboticslaptop19/ros2_ws/src/LIO-SAM/install/setup.zsh'
