[0.008s] Invoking command in '/home/mscroboticslaptop19/ros2_ws/src/LIO-SAM/build/lio_sam': CMAKE_PREFIX_PATH=${CMAKE_PREFIX_PATH}:/home/mscroboticslaptop19/ros2_ws/install/example_urdf_robot:/opt/ros/humble /usr/bin/cmake --build /home/mscroboticslaptop19/ros2_ws/src/LIO-SAM/build/lio_sam -- -j12 -l12
[0.053s] [  8%] Built target lio_sam__rosidl_generator_c
[0.054s] [ 10%] Built target lio_sam__cpp
[0.063s] [ 10%] Built target ament_cmake_python_copy_lio_sam
[0.071s] [ 19%] Built target lio_sam__rosidl_typesupport_c
[0.074s] [ 27%] Built target lio_sam__rosidl_typesupport_introspection_cpp
[0.074s] [ 36%] Built target lio_sam__rosidl_typesupport_fastrtps_c
[0.075s] [ 44%] Built target lio_sam__rosidl_typesupport_introspection_c
[0.077s] [ 53%] Built target lio_sam__rosidl_typesupport_fastrtps_cpp
[0.077s] [ 61%] Built target lio_sam__rosidl_typesupport_cpp
[0.097s] [ 61%] Built target lio_sam
[0.113s] [ 65%] Built target lio_sam_imageProjection
[0.113s] [ 68%] Built target lio_sam__py
[0.115s] [ 72%] [32mBuilding CXX object CMakeFiles/lio_sam_mapOptimization.dir/src/mapOptmization.cpp.o[0m
[0.115s] [ 74%] Built target lio_sam_featureExtraction
[0.121s] [ 78%] Built target lio_sam_imuPreintegration
[0.135s] [ 85%] Built target lio_sam__rosidl_generator_py
[0.155s] [ 97%] Built target lio_sam__rosidl_typesupport_c__pyext
[0.155s] [ 97%] Built target lio_sam__rosidl_typesupport_introspection_c__pyext
[0.156s] [ 97%] Built target lio_sam__rosidl_typesupport_fastrtps_c__pyext
[0.226s] running egg_info
[0.227s] writing lio_sam.egg-info/PKG-INFO
[0.227s] writing dependency_links to lio_sam.egg-info/dependency_links.txt
[0.227s] writing top-level names to lio_sam.egg-info/top_level.txt
[0.229s] reading manifest file 'lio_sam.egg-info/SOURCES.txt'
[0.229s] writing manifest file 'lio_sam.egg-info/SOURCES.txt'
[0.249s] [ 97%] Built target ament_cmake_python_build_lio_sam_egg
[39.073s] [100%] [32m[1mLinking CXX executable lio_sam_mapOptimization[0m
[39.417s] /usr/bin/ld: warning: libtbb.so.2, needed by /usr/lib/x86_64-linux-gnu/libopencv_core.so.4.5.4d, may conflict with libtbb.so.12
[39.555s] [100%] Built target lio_sam_mapOptimization
[39.566s] Invoked command in '/home/mscroboticslaptop19/ros2_ws/src/LIO-SAM/build/lio_sam' returned '0': CMAKE_PREFIX_PATH=${CMAKE_PREFIX_PATH}:/home/mscroboticslaptop19/ros2_ws/install/example_urdf_robot:/opt/ros/humble /usr/bin/cmake --build /home/mscroboticslaptop19/ros2_ws/src/LIO-SAM/build/lio_sam -- -j12 -l12
[39.643s] Invoking command in '/home/mscroboticslaptop19/ros2_ws/src/LIO-SAM/build/lio_sam': CMAKE_PREFIX_PATH=${CMAKE_PREFIX_PATH}:/home/mscroboticslaptop19/ros2_ws/install/example_urdf_robot:/opt/ros/humble /usr/bin/cmake --install /home/mscroboticslaptop19/ros2_ws/src/LIO-SAM/build/lio_sam
[39.647s] -- Install configuration: "Release"
[39.647s] -- Up-to-date: /home/mscroboticslaptop19/ros2_ws/src/LIO-SAM/install/lio_sam/share/ament_index/resource_index/rosidl_interfaces/lio_sam
[39.647s] -- Up-to-date: /home/mscroboticslaptop19/ros2_ws/src/LIO-SAM/install/lio_sam/include/lio_sam/lio_sam
[39.648s] -- Up-to-date: /home/mscroboticslaptop19/ros2_ws/src/LIO-SAM/install/lio_sam/include/lio_sam/lio_sam/srv
[39.648s] -- Up-to-date: /home/mscroboticslaptop19/ros2_ws/src/LIO-SAM/install/lio_sam/include/lio_sam/lio_sam/srv/save_map.h
[39.648s] -- Up-to-date: /home/mscroboticslaptop19/ros2_ws/src/LIO-SAM/install/lio_sam/include/lio_sam/lio_sam/srv/detail
[39.648s] -- Up-to-date: /home/mscroboticslaptop19/ros2_ws/src/LIO-SAM/install/lio_sam/include/lio_sam/lio_sam/srv/detail/save_map__functions.c
[39.648s] -- Up-to-date: /home/mscroboticslaptop19/ros2_ws/src/LIO-SAM/install/lio_sam/include/lio_sam/lio_sam/srv/detail/save_map__functions.h
[39.648s] -- Up-to-date: /home/mscroboticslaptop19/ros2_ws/src/LIO-SAM/install/lio_sam/include/lio_sam/lio_sam/srv/detail/save_map__struct.h
[39.648s] -- Up-to-date: /home/mscroboticslaptop19/ros2_ws/src/LIO-SAM/install/lio_sam/include/lio_sam/lio_sam/srv/detail/save_map__type_support.h
[39.649s] -- Up-to-date: /home/mscroboticslaptop19/ros2_ws/src/LIO-SAM/install/lio_sam/include/lio_sam/lio_sam/msg
[39.649s] -- Up-to-date: /home/mscroboticslaptop19/ros2_ws/src/LIO-SAM/install/lio_sam/include/lio_sam/lio_sam/msg/detail
[39.649s] -- Up-to-date: /home/mscroboticslaptop19/ros2_ws/src/LIO-SAM/install/lio_sam/include/lio_sam/lio_sam/msg/detail/cloud_info__functions.h
[39.649s] -- Up-to-date: /home/mscroboticslaptop19/ros2_ws/src/LIO-SAM/install/lio_sam/include/lio_sam/lio_sam/msg/detail/cloud_info__struct.h
[39.649s] -- Up-to-date: /home/mscroboticslaptop19/ros2_ws/src/LIO-SAM/install/lio_sam/include/lio_sam/lio_sam/msg/detail/cloud_info__functions.c
[39.649s] -- Up-to-date: /home/mscroboticslaptop19/ros2_ws/src/LIO-SAM/install/lio_sam/include/lio_sam/lio_sam/msg/detail/cloud_info__type_support.h
[39.649s] -- Up-to-date: /home/mscroboticslaptop19/ros2_ws/src/LIO-SAM/install/lio_sam/include/lio_sam/lio_sam/msg/cloud_info.h
[39.649s] -- Up-to-date: /home/mscroboticslaptop19/ros2_ws/src/LIO-SAM/install/lio_sam/include/lio_sam/lio_sam/msg/rosidl_generator_c__visibility_control.h
[39.649s] -- Up-to-date: /home/mscroboticslaptop19/ros2_ws/src/LIO-SAM/install/lio_sam/share/lio_sam/environment/library_path.sh
[39.649s] -- Up-to-date: /home/mscroboticslaptop19/ros2_ws/src/LIO-SAM/install/lio_sam/share/lio_sam/environment/library_path.dsv
[39.649s] -- Up-to-date: /home/mscroboticslaptop19/ros2_ws/src/LIO-SAM/install/lio_sam/lib/liblio_sam__rosidl_generator_c.so
[39.649s] -- Up-to-date: /home/mscroboticslaptop19/ros2_ws/src/LIO-SAM/install/lio_sam/include/lio_sam/lio_sam
[39.650s] -- Up-to-date: /home/mscroboticslaptop19/ros2_ws/src/LIO-SAM/install/lio_sam/include/lio_sam/lio_sam/srv
[39.650s] -- Up-to-date: /home/mscroboticslaptop19/ros2_ws/src/LIO-SAM/install/lio_sam/include/lio_sam/lio_sam/srv/detail
[39.650s] -- Up-to-date: /home/mscroboticslaptop19/ros2_ws/src/LIO-SAM/install/lio_sam/include/lio_sam/lio_sam/srv/detail/save_map__rosidl_typesupport_fastrtps_c.h
[39.650s] -- Up-to-date: /home/mscroboticslaptop19/ros2_ws/src/LIO-SAM/install/lio_sam/include/lio_sam/lio_sam/msg
[39.650s] -- Up-to-date: /home/mscroboticslaptop19/ros2_ws/src/LIO-SAM/install/lio_sam/include/lio_sam/lio_sam/msg/rosidl_typesupport_fastrtps_c__visibility_control.h
[39.650s] -- Up-to-date: /home/mscroboticslaptop19/ros2_ws/src/LIO-SAM/install/lio_sam/include/lio_sam/lio_sam/msg/detail
[39.650s] -- Up-to-date: /home/mscroboticslaptop19/ros2_ws/src/LIO-SAM/install/lio_sam/include/lio_sam/lio_sam/msg/detail/cloud_info__rosidl_typesupport_fastrtps_c.h
[39.650s] -- Up-to-date: /home/mscroboticslaptop19/ros2_ws/src/LIO-SAM/install/lio_sam/lib/liblio_sam__rosidl_typesupport_fastrtps_c.so
[39.650s] -- Up-to-date: /home/mscroboticslaptop19/ros2_ws/src/LIO-SAM/install/lio_sam/include/lio_sam/lio_sam
[39.650s] -- Up-to-date: /home/mscroboticslaptop19/ros2_ws/src/LIO-SAM/install/lio_sam/include/lio_sam/lio_sam/srv
[39.650s] -- Up-to-date: /home/mscroboticslaptop19/ros2_ws/src/LIO-SAM/install/lio_sam/include/lio_sam/lio_sam/srv/detail
[39.650s] -- Up-to-date: /home/mscroboticslaptop19/ros2_ws/src/LIO-SAM/install/lio_sam/include/lio_sam/lio_sam/srv/detail/save_map__type_support.c
[39.650s] -- Up-to-date: /home/mscroboticslaptop19/ros2_ws/src/LIO-SAM/install/lio_sam/include/lio_sam/lio_sam/srv/detail/save_map__rosidl_typesupport_introspection_c.h
[39.650s] -- Up-to-date: /home/mscroboticslaptop19/ros2_ws/src/LIO-SAM/install/lio_sam/include/lio_sam/lio_sam/msg
[39.650s] -- Up-to-date: /home/mscroboticslaptop19/ros2_ws/src/LIO-SAM/install/lio_sam/include/lio_sam/lio_sam/msg/rosidl_typesupport_introspection_c__visibility_control.h
[39.650s] -- Up-to-date: /home/mscroboticslaptop19/ros2_ws/src/LIO-SAM/install/lio_sam/include/lio_sam/lio_sam/msg/detail
[39.651s] -- Up-to-date: /home/mscroboticslaptop19/ros2_ws/src/LIO-SAM/install/lio_sam/include/lio_sam/lio_sam/msg/detail/cloud_info__rosidl_typesupport_introspection_c.h
[39.651s] -- Up-to-date: /home/mscroboticslaptop19/ros2_ws/src/LIO-SAM/install/lio_sam/include/lio_sam/lio_sam/msg/detail/cloud_info__type_support.c
[39.651s] -- Up-to-date: /home/mscroboticslaptop19/ros2_ws/src/LIO-SAM/install/lio_sam/lib/liblio_sam__rosidl_typesupport_introspection_c.so
[39.651s] -- Up-to-date: /home/mscroboticslaptop19/ros2_ws/src/LIO-SAM/install/lio_sam/lib/liblio_sam__rosidl_typesupport_c.so
[39.651s] -- Up-to-date: /home/mscroboticslaptop19/ros2_ws/src/LIO-SAM/install/lio_sam/include/lio_sam/lio_sam
[39.651s] -- Up-to-date: /home/mscroboticslaptop19/ros2_ws/src/LIO-SAM/install/lio_sam/include/lio_sam/lio_sam/srv
[39.651s] -- Up-to-date: /home/mscroboticslaptop19/ros2_ws/src/LIO-SAM/install/lio_sam/include/lio_sam/lio_sam/srv/save_map.hpp
[39.651s] -- Up-to-date: /home/mscroboticslaptop19/ros2_ws/src/LIO-SAM/install/lio_sam/include/lio_sam/lio_sam/srv/detail
[39.651s] -- Up-to-date: /home/mscroboticslaptop19/ros2_ws/src/LIO-SAM/install/lio_sam/include/lio_sam/lio_sam/srv/detail/save_map__struct.hpp
[39.651s] -- Up-to-date: /home/mscroboticslaptop19/ros2_ws/src/LIO-SAM/install/lio_sam/include/lio_sam/lio_sam/srv/detail/save_map__traits.hpp
[39.651s] -- Up-to-date: /home/mscroboticslaptop19/ros2_ws/src/LIO-SAM/install/lio_sam/include/lio_sam/lio_sam/srv/detail/save_map__builder.hpp
[39.651s] -- Up-to-date: /home/mscroboticslaptop19/ros2_ws/src/LIO-SAM/install/lio_sam/include/lio_sam/lio_sam/msg
[39.651s] -- Up-to-date: /home/mscroboticslaptop19/ros2_ws/src/LIO-SAM/install/lio_sam/include/lio_sam/lio_sam/msg/detail
[39.651s] -- Up-to-date: /home/mscroboticslaptop19/ros2_ws/src/LIO-SAM/install/lio_sam/include/lio_sam/lio_sam/msg/detail/cloud_info__builder.hpp
[39.651s] -- Up-to-date: /home/mscroboticslaptop19/ros2_ws/src/LIO-SAM/install/lio_sam/include/lio_sam/lio_sam/msg/detail/cloud_info__traits.hpp
[39.651s] -- Up-to-date: /home/mscroboticslaptop19/ros2_ws/src/LIO-SAM/install/lio_sam/include/lio_sam/lio_sam/msg/detail/cloud_info__struct.hpp
[39.651s] -- Up-to-date: /home/mscroboticslaptop19/ros2_ws/src/LIO-SAM/install/lio_sam/include/lio_sam/lio_sam/msg/cloud_info.hpp
[39.652s] -- Up-to-date: /home/mscroboticslaptop19/ros2_ws/src/LIO-SAM/install/lio_sam/include/lio_sam/lio_sam
[39.652s] -- Up-to-date: /home/mscroboticslaptop19/ros2_ws/src/LIO-SAM/install/lio_sam/include/lio_sam/lio_sam/srv
[39.652s] -- Up-to-date: /home/mscroboticslaptop19/ros2_ws/src/LIO-SAM/install/lio_sam/include/lio_sam/lio_sam/srv/detail
[39.652s] -- Up-to-date: /home/mscroboticslaptop19/ros2_ws/src/LIO-SAM/install/lio_sam/include/lio_sam/lio_sam/srv/detail/save_map__rosidl_typesupport_fastrtps_cpp.hpp
[39.652s] -- Up-to-date: /home/mscroboticslaptop19/ros2_ws/src/LIO-SAM/install/lio_sam/include/lio_sam/lio_sam/srv/detail/dds_fastrtps
[39.652s] -- Up-to-date: /home/mscroboticslaptop19/ros2_ws/src/LIO-SAM/install/lio_sam/include/lio_sam/lio_sam/msg
[39.652s] -- Up-to-date: /home/mscroboticslaptop19/ros2_ws/src/LIO-SAM/install/lio_sam/include/lio_sam/lio_sam/msg/detail
[39.652s] -- Up-to-date: /home/mscroboticslaptop19/ros2_ws/src/LIO-SAM/install/lio_sam/include/lio_sam/lio_sam/msg/detail/cloud_info__rosidl_typesupport_fastrtps_cpp.hpp
[39.652s] -- Up-to-date: /home/mscroboticslaptop19/ros2_ws/src/LIO-SAM/install/lio_sam/include/lio_sam/lio_sam/msg/detail/dds_fastrtps
[39.652s] -- Up-to-date: /home/mscroboticslaptop19/ros2_ws/src/LIO-SAM/install/lio_sam/include/lio_sam/lio_sam/msg/rosidl_typesupport_fastrtps_cpp__visibility_control.h
[39.652s] -- Up-to-date: /home/mscroboticslaptop19/ros2_ws/src/LIO-SAM/install/lio_sam/lib/liblio_sam__rosidl_typesupport_fastrtps_cpp.so
[39.652s] -- Up-to-date: /home/mscroboticslaptop19/ros2_ws/src/LIO-SAM/install/lio_sam/include/lio_sam/lio_sam
[39.652s] -- Up-to-date: /home/mscroboticslaptop19/ros2_ws/src/LIO-SAM/install/lio_sam/include/lio_sam/lio_sam/srv
[39.652s] -- Up-to-date: /home/mscroboticslaptop19/ros2_ws/src/LIO-SAM/install/lio_sam/include/lio_sam/lio_sam/srv/detail
[39.652s] -- Up-to-date: /home/mscroboticslaptop19/ros2_ws/src/LIO-SAM/install/lio_sam/include/lio_sam/lio_sam/srv/detail/save_map__rosidl_typesupport_introspection_cpp.hpp
[39.652s] -- Up-to-date: /home/mscroboticslaptop19/ros2_ws/src/LIO-SAM/install/lio_sam/include/lio_sam/lio_sam/srv/detail/save_map__type_support.cpp
[39.652s] -- Up-to-date: /home/mscroboticslaptop19/ros2_ws/src/LIO-SAM/install/lio_sam/include/lio_sam/lio_sam/msg
[39.653s] -- Up-to-date: /home/mscroboticslaptop19/ros2_ws/src/LIO-SAM/install/lio_sam/include/lio_sam/lio_sam/msg/detail
[39.653s] -- Up-to-date: /home/mscroboticslaptop19/ros2_ws/src/LIO-SAM/install/lio_sam/include/lio_sam/lio_sam/msg/detail/cloud_info__rosidl_typesupport_introspection_cpp.hpp
[39.653s] -- Up-to-date: /home/mscroboticslaptop19/ros2_ws/src/LIO-SAM/install/lio_sam/include/lio_sam/lio_sam/msg/detail/cloud_info__type_support.cpp
[39.653s] -- Up-to-date: /home/mscroboticslaptop19/ros2_ws/src/LIO-SAM/install/lio_sam/lib/liblio_sam__rosidl_typesupport_introspection_cpp.so
[39.653s] -- Up-to-date: /home/mscroboticslaptop19/ros2_ws/src/LIO-SAM/install/lio_sam/lib/liblio_sam__rosidl_typesupport_cpp.so
[39.653s] -- Up-to-date: /home/mscroboticslaptop19/ros2_ws/src/LIO-SAM/install/lio_sam/share/lio_sam/environment/pythonpath.sh
[39.653s] -- Up-to-date: /home/mscroboticslaptop19/ros2_ws/src/LIO-SAM/install/lio_sam/share/lio_sam/environment/pythonpath.dsv
[39.653s] -- Up-to-date: /home/mscroboticslaptop19/ros2_ws/src/LIO-SAM/install/lio_sam/local/lib/python3.10/dist-packages/lio_sam-1.0.0-py3.10.egg-info
[39.653s] -- Installing: /home/mscroboticslaptop19/ros2_ws/src/LIO-SAM/install/lio_sam/local/lib/python3.10/dist-packages/lio_sam-1.0.0-py3.10.egg-info/dependency_links.txt
[39.653s] -- Installing: /home/mscroboticslaptop19/ros2_ws/src/LIO-SAM/install/lio_sam/local/lib/python3.10/dist-packages/lio_sam-1.0.0-py3.10.egg-info/top_level.txt
[39.653s] -- Installing: /home/mscroboticslaptop19/ros2_ws/src/LIO-SAM/install/lio_sam/local/lib/python3.10/dist-packages/lio_sam-1.0.0-py3.10.egg-info/SOURCES.txt
[39.653s] -- Installing: /home/mscroboticslaptop19/ros2_ws/src/LIO-SAM/install/lio_sam/local/lib/python3.10/dist-packages/lio_sam-1.0.0-py3.10.egg-info/PKG-INFO
[39.653s] -- Up-to-date: /home/mscroboticslaptop19/ros2_ws/src/LIO-SAM/install/lio_sam/local/lib/python3.10/dist-packages/lio_sam
[39.653s] -- Up-to-date: /home/mscroboticslaptop19/ros2_ws/src/LIO-SAM/install/lio_sam/local/lib/python3.10/dist-packages/lio_sam/srv
[39.653s] -- Up-to-date: /home/mscroboticslaptop19/ros2_ws/src/LIO-SAM/install/lio_sam/local/lib/python3.10/dist-packages/lio_sam/srv/__init__.py
[39.653s] -- Up-to-date: /home/mscroboticslaptop19/ros2_ws/src/LIO-SAM/install/lio_sam/local/lib/python3.10/dist-packages/lio_sam/srv/_save_map.py
[39.653s] -- Up-to-date: /home/mscroboticslaptop19/ros2_ws/src/LIO-SAM/install/lio_sam/local/lib/python3.10/dist-packages/lio_sam/srv/_save_map_s.c
[39.654s] -- Up-to-date: /home/mscroboticslaptop19/ros2_ws/src/LIO-SAM/install/lio_sam/local/lib/python3.10/dist-packages/lio_sam/lio_sam_s__rosidl_typesupport_fastrtps_c.cpython-310-x86_64-linux-gnu.so
[39.654s] -- Up-to-date: /home/mscroboticslaptop19/ros2_ws/src/LIO-SAM/install/lio_sam/local/lib/python3.10/dist-packages/lio_sam/msg
[39.654s] -- Up-to-date: /home/mscroboticslaptop19/ros2_ws/src/LIO-SAM/install/lio_sam/local/lib/python3.10/dist-packages/lio_sam/msg/_cloud_info.py
[39.654s] -- Up-to-date: /home/mscroboticslaptop19/ros2_ws/src/LIO-SAM/install/lio_sam/local/lib/python3.10/dist-packages/lio_sam/msg/_cloud_info_s.c
[39.654s] -- Up-to-date: /home/mscroboticslaptop19/ros2_ws/src/LIO-SAM/install/lio_sam/local/lib/python3.10/dist-packages/lio_sam/msg/__init__.py
[39.654s] -- Up-to-date: /home/mscroboticslaptop19/ros2_ws/src/LIO-SAM/install/lio_sam/local/lib/python3.10/dist-packages/lio_sam/_lio_sam_s.ep.rosidl_typesupport_fastrtps_c.c
[39.654s] -- Up-to-date: /home/mscroboticslaptop19/ros2_ws/src/LIO-SAM/install/lio_sam/local/lib/python3.10/dist-packages/lio_sam/_lio_sam_s.ep.rosidl_typesupport_introspection_c.c
[39.654s] -- Up-to-date: /home/mscroboticslaptop19/ros2_ws/src/LIO-SAM/install/lio_sam/local/lib/python3.10/dist-packages/lio_sam/__init__.py
[39.654s] -- Up-to-date: /home/mscroboticslaptop19/ros2_ws/src/LIO-SAM/install/lio_sam/local/lib/python3.10/dist-packages/lio_sam/_lio_sam_s.ep.rosidl_typesupport_c.c
[39.654s] -- Up-to-date: /home/mscroboticslaptop19/ros2_ws/src/LIO-SAM/install/lio_sam/local/lib/python3.10/dist-packages/lio_sam/liblio_sam__rosidl_generator_py.so
[39.654s] -- Up-to-date: /home/mscroboticslaptop19/ros2_ws/src/LIO-SAM/install/lio_sam/local/lib/python3.10/dist-packages/lio_sam/lio_sam_s__rosidl_typesupport_c.cpython-310-x86_64-linux-gnu.so
[39.654s] -- Up-to-date: /home/mscroboticslaptop19/ros2_ws/src/LIO-SAM/install/lio_sam/local/lib/python3.10/dist-packages/lio_sam/lio_sam_s__rosidl_typesupport_introspection_c.cpython-310-x86_64-linux-gnu.so
[39.668s] Listing '/home/mscroboticslaptop19/ros2_ws/src/LIO-SAM/install/lio_sam/local/lib/python3.10/dist-packages/lio_sam'...
[39.668s] Listing '/home/mscroboticslaptop19/ros2_ws/src/LIO-SAM/install/lio_sam/local/lib/python3.10/dist-packages/lio_sam/msg'...
[39.668s] Listing '/home/mscroboticslaptop19/ros2_ws/src/LIO-SAM/install/lio_sam/local/lib/python3.10/dist-packages/lio_sam/srv'...
[39.671s] -- Up-to-date: /home/mscroboticslaptop19/ros2_ws/src/LIO-SAM/install/lio_sam/local/lib/python3.10/dist-packages/lio_sam/lio_sam_s__rosidl_typesupport_fastrtps_c.cpython-310-x86_64-linux-gnu.so
[39.671s] -- Up-to-date: /home/mscroboticslaptop19/ros2_ws/src/LIO-SAM/install/lio_sam/local/lib/python3.10/dist-packages/lio_sam/lio_sam_s__rosidl_typesupport_introspection_c.cpython-310-x86_64-linux-gnu.so
[39.671s] -- Up-to-date: /home/mscroboticslaptop19/ros2_ws/src/LIO-SAM/install/lio_sam/local/lib/python3.10/dist-packages/lio_sam/lio_sam_s__rosidl_typesupport_c.cpython-310-x86_64-linux-gnu.so
[39.671s] -- Up-to-date: /home/mscroboticslaptop19/ros2_ws/src/LIO-SAM/install/lio_sam/lib/liblio_sam__rosidl_generator_py.so
[39.671s] -- Up-to-date: /home/mscroboticslaptop19/ros2_ws/src/LIO-SAM/install/lio_sam/share/lio_sam/msg/CloudInfo.idl
[39.672s] -- Up-to-date: /home/mscroboticslaptop19/ros2_ws/src/LIO-SAM/install/lio_sam/share/lio_sam/srv/SaveMap.idl
[39.672s] -- Up-to-date: /home/mscroboticslaptop19/ros2_ws/src/LIO-SAM/install/lio_sam/share/lio_sam/msg/CloudInfo.msg
[39.672s] -- Up-to-date: /home/mscroboticslaptop19/ros2_ws/src/LIO-SAM/install/lio_sam/share/lio_sam/srv/SaveMap.srv
[39.672s] -- Up-to-date: /home/mscroboticslaptop19/ros2_ws/src/LIO-SAM/install/lio_sam/share/lio_sam/srv/SaveMap_Request.msg
[39.672s] -- Up-to-date: /home/mscroboticslaptop19/ros2_ws/src/LIO-SAM/install/lio_sam/share/lio_sam/srv/SaveMap_Response.msg
[39.672s] -- Up-to-date: /home/mscroboticslaptop19/ros2_ws/src/LIO-SAM/install/lio_sam/share/lio_sam//launch
[39.672s] -- Installing: /home/mscroboticslaptop19/ros2_ws/src/LIO-SAM/install/lio_sam/share/lio_sam//launch/run.launch.py
[39.672s] -- Up-to-date: /home/mscroboticslaptop19/ros2_ws/src/LIO-SAM/install/lio_sam/share/lio_sam//launch/launch_backup
[39.672s] -- Up-to-date: /home/mscroboticslaptop19/ros2_ws/src/LIO-SAM/install/lio_sam/share/lio_sam//config
[39.672s] -- Up-to-date: /home/mscroboticslaptop19/ros2_ws/src/LIO-SAM/install/lio_sam/share/lio_sam//config/doc
[39.672s] -- Up-to-date: /home/mscroboticslaptop19/ros2_ws/src/LIO-SAM/install/lio_sam/share/lio_sam//config/doc/loop-closure.gif
[39.672s] -- Up-to-date: /home/mscroboticslaptop19/ros2_ws/src/LIO-SAM/install/lio_sam/share/lio_sam//config/doc/paper.pdf
[39.672s] -- Up-to-date: /home/mscroboticslaptop19/ros2_ws/src/LIO-SAM/install/lio_sam/share/lio_sam//config/doc/imu-transform.png
[39.672s] -- Up-to-date: /home/mscroboticslaptop19/ros2_ws/src/LIO-SAM/install/lio_sam/share/lio_sam//config/doc/kitti-map.png
[39.673s] -- Up-to-date: /home/mscroboticslaptop19/ros2_ws/src/LIO-SAM/install/lio_sam/share/lio_sam//config/doc/kitti2bag
[39.673s] -- Up-to-date: /home/mscroboticslaptop19/ros2_ws/src/LIO-SAM/install/lio_sam/share/lio_sam//config/doc/kitti2bag/kitti2bag.py
[39.673s] -- Up-to-date: /home/mscroboticslaptop19/ros2_ws/src/LIO-SAM/install/lio_sam/share/lio_sam//config/doc/kitti2bag/README.md
[39.673s] -- Up-to-date: /home/mscroboticslaptop19/ros2_ws/src/LIO-SAM/install/lio_sam/share/lio_sam//config/doc/device-boat.png
[39.673s] -- Up-to-date: /home/mscroboticslaptop19/ros2_ws/src/LIO-SAM/install/lio_sam/share/lio_sam//config/doc/device-jackal.png
[39.673s] -- Up-to-date: /home/mscroboticslaptop19/ros2_ws/src/LIO-SAM/install/lio_sam/share/lio_sam//config/doc/gps-demo.gif
[39.673s] -- Up-to-date: /home/mscroboticslaptop19/ros2_ws/src/LIO-SAM/install/lio_sam/share/lio_sam//config/doc/device-hand.png
[39.673s] -- Up-to-date: /home/mscroboticslaptop19/ros2_ws/src/LIO-SAM/install/lio_sam/share/lio_sam//config/doc/kitti-demo.gif
[39.673s] -- Up-to-date: /home/mscroboticslaptop19/ros2_ws/src/LIO-SAM/install/lio_sam/share/lio_sam//config/doc/device-hand-2.png
[39.673s] -- Up-to-date: /home/mscroboticslaptop19/ros2_ws/src/LIO-SAM/install/lio_sam/share/lio_sam//config/doc/imu-debug.gif
[39.673s] -- Up-to-date: /home/mscroboticslaptop19/ros2_ws/src/LIO-SAM/install/lio_sam/share/lio_sam//config/doc/demo.gif
[39.673s] -- Up-to-date: /home/mscroboticslaptop19/ros2_ws/src/LIO-SAM/install/lio_sam/share/lio_sam//config/doc/loop-closure-2.gif
[39.673s] -- Up-to-date: /home/mscroboticslaptop19/ros2_ws/src/LIO-SAM/install/lio_sam/share/lio_sam//config/doc/ouster-device.jpg
[39.673s] -- Up-to-date: /home/mscroboticslaptop19/ros2_ws/src/LIO-SAM/install/lio_sam/share/lio_sam//config/doc/system.png
[39.673s] -- Up-to-date: /home/mscroboticslaptop19/ros2_ws/src/LIO-SAM/install/lio_sam/share/lio_sam//config/doc/ouster-demo.gif
[39.674s] -- Installing: /home/mscroboticslaptop19/ros2_ws/src/LIO-SAM/install/lio_sam/share/lio_sam//config/rviz2.rviz
[39.674s] -- Installing: /home/mscroboticslaptop19/ros2_ws/src/LIO-SAM/install/lio_sam/share/lio_sam//config/example_gazebo.xacro
[39.674s] -- Installing: /home/mscroboticslaptop19/ros2_ws/src/LIO-SAM/install/lio_sam/share/lio_sam//config/params.yaml
[39.674s] -- Installing: /home/mscroboticslaptop19/ros2_ws/src/LIO-SAM/install/lio_sam/share/lio_sam//config/robot.urdf.xacro
[39.674s] -- Up-to-date: /home/mscroboticslaptop19/ros2_ws/src/LIO-SAM/install/lio_sam/share/lio_sam//config/robot_backup1.urdf.xacro
[39.674s] -- Up-to-date: /home/mscroboticslaptop19/ros2_ws/src/LIO-SAM/install/lio_sam/share/lio_sam//config/xacro_backup
[39.674s] -- Up-to-date: /home/mscroboticslaptop19/ros2_ws/src/LIO-SAM/install/lio_sam/lib/lio_sam/lio_sam_imageProjection
[39.674s] -- Up-to-date: /home/mscroboticslaptop19/ros2_ws/src/LIO-SAM/install/lio_sam/lib/lio_sam/lio_sam_imuPreintegration
[39.674s] -- Up-to-date: /home/mscroboticslaptop19/ros2_ws/src/LIO-SAM/install/lio_sam/lib/lio_sam/lio_sam_featureExtraction
[39.675s] -- Installing: /home/mscroboticslaptop19/ros2_ws/src/LIO-SAM/install/lio_sam/lib/lio_sam/lio_sam_mapOptimization
[39.677s] -- Set runtime path of "/home/mscroboticslaptop19/ros2_ws/src/LIO-SAM/install/lio_sam/lib/lio_sam/lio_sam_mapOptimization" to ""
[39.677s] -- Up-to-date: /home/mscroboticslaptop19/ros2_ws/src/LIO-SAM/install/lio_sam/include
[39.677s] -- Up-to-date: /home/mscroboticslaptop19/ros2_ws/src/LIO-SAM/install/lio_sam/include/lio_sam
[39.677s] -- Up-to-date: /home/mscroboticslaptop19/ros2_ws/src/LIO-SAM/install/lio_sam/include/lio_sam/utility.hpp
[39.677s] -- Up-to-date: /home/mscroboticslaptop19/ros2_ws/src/LIO-SAM/install/lio_sam/share/ament_index/resource_index/package_run_dependencies/lio_sam
[39.677s] -- Up-to-date: /home/mscroboticslaptop19/ros2_ws/src/LIO-SAM/install/lio_sam/share/ament_index/resource_index/parent_prefix_path/lio_sam
[39.677s] -- Up-to-date: /home/mscroboticslaptop19/ros2_ws/src/LIO-SAM/install/lio_sam/share/lio_sam/environment/ament_prefix_path.sh
[39.677s] -- Up-to-date: /home/mscroboticslaptop19/ros2_ws/src/LIO-SAM/install/lio_sam/share/lio_sam/environment/ament_prefix_path.dsv
[39.677s] -- Up-to-date: /home/mscroboticslaptop19/ros2_ws/src/LIO-SAM/install/lio_sam/share/lio_sam/environment/path.sh
[39.677s] -- Up-to-date: /home/mscroboticslaptop19/ros2_ws/src/LIO-SAM/install/lio_sam/share/lio_sam/environment/path.dsv
[39.677s] -- Up-to-date: /home/mscroboticslaptop19/ros2_ws/src/LIO-SAM/install/lio_sam/share/lio_sam/local_setup.bash
[39.678s] -- Up-to-date: /home/mscroboticslaptop19/ros2_ws/src/LIO-SAM/install/lio_sam/share/lio_sam/local_setup.sh
[39.678s] -- Up-to-date: /home/mscroboticslaptop19/ros2_ws/src/LIO-SAM/install/lio_sam/share/lio_sam/local_setup.zsh
[39.678s] -- Up-to-date: /home/mscroboticslaptop19/ros2_ws/src/LIO-SAM/install/lio_sam/share/lio_sam/local_setup.dsv
[39.678s] -- Installing: /home/mscroboticslaptop19/ros2_ws/src/LIO-SAM/install/lio_sam/share/lio_sam/package.dsv
[39.678s] -- Up-to-date: /home/mscroboticslaptop19/ros2_ws/src/LIO-SAM/install/lio_sam/share/ament_index/resource_index/packages/lio_sam
[39.678s] -- Up-to-date: /home/mscroboticslaptop19/ros2_ws/src/LIO-SAM/install/lio_sam/share/lio_sam/cmake/export_lio_sam__rosidl_generator_cExport.cmake
[39.678s] -- Up-to-date: /home/mscroboticslaptop19/ros2_ws/src/LIO-SAM/install/lio_sam/share/lio_sam/cmake/export_lio_sam__rosidl_generator_cExport-release.cmake
[39.678s] -- Up-to-date: /home/mscroboticslaptop19/ros2_ws/src/LIO-SAM/install/lio_sam/share/lio_sam/cmake/export_lio_sam__rosidl_typesupport_fastrtps_cExport.cmake
[39.678s] -- Up-to-date: /home/mscroboticslaptop19/ros2_ws/src/LIO-SAM/install/lio_sam/share/lio_sam/cmake/export_lio_sam__rosidl_typesupport_fastrtps_cExport-release.cmake
[39.678s] -- Up-to-date: /home/mscroboticslaptop19/ros2_ws/src/LIO-SAM/install/lio_sam/share/lio_sam/cmake/lio_sam__rosidl_typesupport_introspection_cExport.cmake
[39.678s] -- Up-to-date: /home/mscroboticslaptop19/ros2_ws/src/LIO-SAM/install/lio_sam/share/lio_sam/cmake/lio_sam__rosidl_typesupport_introspection_cExport-release.cmake
[39.678s] -- Up-to-date: /home/mscroboticslaptop19/ros2_ws/src/LIO-SAM/install/lio_sam/share/lio_sam/cmake/lio_sam__rosidl_typesupport_cExport.cmake
[39.678s] -- Up-to-date: /home/mscroboticslaptop19/ros2_ws/src/LIO-SAM/install/lio_sam/share/lio_sam/cmake/lio_sam__rosidl_typesupport_cExport-release.cmake
[39.678s] -- Up-to-date: /home/mscroboticslaptop19/ros2_ws/src/LIO-SAM/install/lio_sam/share/lio_sam/cmake/export_lio_sam__rosidl_generator_cppExport.cmake
[39.678s] -- Up-to-date: /home/mscroboticslaptop19/ros2_ws/src/LIO-SAM/install/lio_sam/share/lio_sam/cmake/export_lio_sam__rosidl_typesupport_fastrtps_cppExport.cmake
[39.678s] -- Up-to-date: /home/mscroboticslaptop19/ros2_ws/src/LIO-SAM/install/lio_sam/share/lio_sam/cmake/export_lio_sam__rosidl_typesupport_fastrtps_cppExport-release.cmake
[39.678s] -- Up-to-date: /home/mscroboticslaptop19/ros2_ws/src/LIO-SAM/install/lio_sam/share/lio_sam/cmake/lio_sam__rosidl_typesupport_introspection_cppExport.cmake
[39.679s] -- Up-to-date: /home/mscroboticslaptop19/ros2_ws/src/LIO-SAM/install/lio_sam/share/lio_sam/cmake/lio_sam__rosidl_typesupport_introspection_cppExport-release.cmake
[39.679s] -- Up-to-date: /home/mscroboticslaptop19/ros2_ws/src/LIO-SAM/install/lio_sam/share/lio_sam/cmake/lio_sam__rosidl_typesupport_cppExport.cmake
[39.679s] -- Up-to-date: /home/mscroboticslaptop19/ros2_ws/src/LIO-SAM/install/lio_sam/share/lio_sam/cmake/lio_sam__rosidl_typesupport_cppExport-release.cmake
[39.679s] -- Up-to-date: /home/mscroboticslaptop19/ros2_ws/src/LIO-SAM/install/lio_sam/share/lio_sam/cmake/export_lio_sam__rosidl_generator_pyExport.cmake
[39.679s] -- Up-to-date: /home/mscroboticslaptop19/ros2_ws/src/LIO-SAM/install/lio_sam/share/lio_sam/cmake/export_lio_sam__rosidl_generator_pyExport-release.cmake
[39.680s] -- Up-to-date: /home/mscroboticslaptop19/ros2_ws/src/LIO-SAM/install/lio_sam/share/lio_sam/cmake/rosidl_cmake-extras.cmake
[39.680s] -- Up-to-date: /home/mscroboticslaptop19/ros2_ws/src/LIO-SAM/install/lio_sam/share/lio_sam/cmake/ament_cmake_export_dependencies-extras.cmake
[39.680s] -- Up-to-date: /home/mscroboticslaptop19/ros2_ws/src/LIO-SAM/install/lio_sam/share/lio_sam/cmake/ament_cmake_export_include_directories-extras.cmake
[39.680s] -- Up-to-date: /home/mscroboticslaptop19/ros2_ws/src/LIO-SAM/install/lio_sam/share/lio_sam/cmake/ament_cmake_export_libraries-extras.cmake
[39.680s] -- Up-to-date: /home/mscroboticslaptop19/ros2_ws/src/LIO-SAM/install/lio_sam/share/lio_sam/cmake/ament_cmake_export_targets-extras.cmake
[39.680s] -- Up-to-date: /home/mscroboticslaptop19/ros2_ws/src/LIO-SAM/install/lio_sam/share/lio_sam/cmake/rosidl_cmake_export_typesupport_targets-extras.cmake
[39.681s] -- Up-to-date: /home/mscroboticslaptop19/ros2_ws/src/LIO-SAM/install/lio_sam/share/lio_sam/cmake/rosidl_cmake_export_typesupport_libraries-extras.cmake
[39.681s] -- Up-to-date: /home/mscroboticslaptop19/ros2_ws/src/LIO-SAM/install/lio_sam/share/lio_sam/cmake/lio_samConfig.cmake
[39.681s] -- Up-to-date: /home/mscroboticslaptop19/ros2_ws/src/LIO-SAM/install/lio_sam/share/lio_sam/cmake/lio_samConfig-version.cmake
[39.681s] -- Up-to-date: /home/mscroboticslaptop19/ros2_ws/src/LIO-SAM/install/lio_sam/share/lio_sam/package.xml
[39.681s] Invoked command in '/home/mscroboticslaptop19/ros2_ws/src/LIO-SAM/build/lio_sam' returned '0': CMAKE_PREFIX_PATH=${CMAKE_PREFIX_PATH}:/home/mscroboticslaptop19/ros2_ws/install/example_urdf_robot:/opt/ros/humble /usr/bin/cmake --install /home/mscroboticslaptop19/ros2_ws/src/LIO-SAM/build/lio_sam
