[0.008s] Invoking command in '/home/mscroboticslaptop19/ros2_ws/src/LIO-SAM/build/lio_sam': CMAKE_PREFIX_PATH=${CMAKE_PREFIX_PATH}:/opt/ros/humble /usr/bin/cmake /home/mscroboticslaptop19/ros2_ws/src/LIO-SAM -DCMAKE_INSTALL_PREFIX=/home/mscroboticslaptop19/ros2_ws/src/LIO-SAM/install/lio_sam
[0.062s] -- The C compiler identification is GNU 11.4.0
[0.110s] -- The CXX compiler identification is GNU 11.4.0
[0.119s] -- Detecting C compiler ABI info
[0.194s] -- Detecting C compiler ABI info - done
[0.199s] -- Check for working C compiler: /usr/bin/cc - skipped
[0.199s] -- Detecting C compile features
[0.199s] -- Detecting C compile features - done
[0.201s] -- Detecting CXX compiler ABI info
[0.275s] -- Detecting CXX compiler ABI info - done
[0.279s] -- Check for working CXX compiler: /usr/bin/c++ - skipped
[0.280s] -- Detecting CXX compile features
[0.280s] -- Detecting CXX compile features - done
[0.282s] -- Found ament_cmake: 1.3.10 (/opt/ros/humble/share/ament_cmake/cmake)
[0.412s] -- Found Python3: /usr/bin/python3 (found version "3.10.12") found components: Interpreter 
[0.496s] -- Found rosidl_default_generators: 1.2.0 (/opt/ros/humble/share/rosidl_default_generators/cmake)
[0.498s] -- Using all available rosidl_typesupport_c: rosidl_typesupport_fastrtps_c;rosidl_typesupport_introspection_c
[0.503s] -- Found rosidl_adapter: 3.1.5 (/opt/ros/humble/share/rosidl_adapter/cmake)
[0.538s] -- Using all available rosidl_typesupport_cpp: rosidl_typesupport_fastrtps_cpp;rosidl_typesupport_introspection_cpp
[0.576s] -- Found rclcpp: 16.0.10 (/opt/ros/humble/share/rclcpp/cmake)
[0.621s] -- Found rmw_implementation_cmake: 6.1.2 (/opt/ros/humble/share/rmw_implementation_cmake/cmake)
[0.622s] -- Found rmw_fastrtps_cpp: 6.2.7 (/opt/ros/humble/share/rmw_fastrtps_cpp/cmake)
[0.698s] -- Found OpenSSL: /usr/lib/x86_64-linux-gnu/libcrypto.so (found version "3.0.2")  
[0.723s] -- Found FastRTPS: /opt/ros/humble/include  
[0.763s] -- Using RMW implementation 'rmw_fastrtps_cpp' as default
[0.771s] -- Looking for pthread.h
[0.835s] -- Looking for pthread.h - found
[0.835s] -- Performing Test CMAKE_HAVE_LIBC_PTHREAD
[0.902s] -- Performing Test CMAKE_HAVE_LIBC_PTHREAD - Success
[0.902s] -- Found Threads: TRUE  
[0.942s] -- Found rclpy: 3.3.14 (/opt/ros/humble/share/rclpy/cmake)
[0.945s] -- Found cv_bridge: 3.2.1 (/opt/ros/humble/share/cv_bridge/cmake)
[0.984s] -- Found nav_msgs: 4.2.4 (/opt/ros/humble/share/nav_msgs/cmake)
[0.996s] -- Found visualization_msgs: 4.2.4 (/opt/ros/humble/share/visualization_msgs/cmake)
[1.018s] -- Found pcl_conversions: 2.4.5 (/opt/ros/humble/share/pcl_conversions/cmake)
[1.057s] -- Checking for module 'eigen3'
[1.072s] --   Found eigen3, version 3.4.0
[1.109s] -- Found Eigen: /usr/include/eigen3 (Required is at least version "3.1") 
[1.109s] -- Eigen found (include: /usr/include/eigen3, version: 3.4.0)
[1.138s] -- Checking for module 'flann'
[1.152s] --   Found flann, version 1.9.1
[1.193s] -- Found FLANN: /usr/lib/x86_64-linux-gnu/libflann_cpp.so  
[1.193s] -- FLANN found (include: /usr/include, lib: /usr/lib/x86_64-linux-gnu/libflann_cpp.so)
[2.084s] -- Checking for module 'libusb-1.0'
[2.097s] --   Found libusb-1.0, version 1.0.25
[2.137s] -- Found libusb: /usr/lib/x86_64-linux-gnu/libusb-1.0.so  
[2.139s] -- OpenNI found (version: 1.5.4.0, include: /usr/include/ni, lib: /usr/lib/libOpenNI.so;libusb::libusb)
[2.201s] -- OpenNI2 found (version: 2.2.0.33, include: /usr/include/openni2, lib: /usr/lib/x86_64-linux-gnu/libOpenNI2.so;libusb::libusb)
[2.334s] -- Eigen found (include: /usr/include/eigen3, version: 3.4.0)
[2.340s] -- OpenNI found (version: 1.5.4.0, include: /usr/include/ni, lib: /usr/lib/libOpenNI.so;libusb::libusb)
[2.348s] -- OpenNI2 found (version: 2.2.0.33, include: /usr/include/openni2, lib: /usr/lib/x86_64-linux-gnu/libOpenNI2.so;libusb::libusb)
[2.466s] -- Found Qhull version 8.0.2
[2.597s] -- OpenNI found (version: 1.5.4.0, include: /usr/include/ni, lib: /usr/lib/libOpenNI.so;libusb::libusb)
[2.727s] -- Found PCL_COMMON: /usr/lib/x86_64-linux-gnu/libpcl_common.so  
[2.727s] -- Found PCL_KDTREE: /usr/lib/x86_64-linux-gnu/libpcl_kdtree.so  
[2.728s] -- Found PCL_OCTREE: /usr/lib/x86_64-linux-gnu/libpcl_octree.so  
[2.729s] -- Found PCL_SEARCH: /usr/lib/x86_64-linux-gnu/libpcl_search.so  
[2.729s] -- Found PCL_SAMPLE_CONSENSUS: /usr/lib/x86_64-linux-gnu/libpcl_sample_consensus.so  
[2.730s] -- Found PCL_FILTERS: /usr/lib/x86_64-linux-gnu/libpcl_filters.so  
[2.730s] -- Found PCL_2D: /usr/include/pcl-1.12  
[2.730s] -- Found PCL_GEOMETRY: /usr/include/pcl-1.12  
[2.731s] -- Found PCL_IO: /usr/lib/x86_64-linux-gnu/libpcl_io.so  
[2.731s] -- Found PCL_FEATURES: /usr/lib/x86_64-linux-gnu/libpcl_features.so  
[2.732s] -- Found PCL_ML: /usr/lib/x86_64-linux-gnu/libpcl_ml.so  
[2.733s] -- Found PCL_SEGMENTATION: /usr/lib/x86_64-linux-gnu/libpcl_segmentation.so  
[2.733s] -- Found PCL_VISUALIZATION: /usr/lib/x86_64-linux-gnu/libpcl_visualization.so  
[2.734s] -- Found PCL_SURFACE: /usr/lib/x86_64-linux-gnu/libpcl_surface.so  
[2.734s] -- Found PCL_REGISTRATION: /usr/lib/x86_64-linux-gnu/libpcl_registration.so  
[2.735s] -- Found PCL_KEYPOINTS: /usr/lib/x86_64-linux-gnu/libpcl_keypoints.so  
[2.736s] -- Found PCL_TRACKING: /usr/lib/x86_64-linux-gnu/libpcl_tracking.so  
[2.736s] -- Found PCL_RECOGNITION: /usr/lib/x86_64-linux-gnu/libpcl_recognition.so  
[2.737s] -- Found PCL_STEREO: /usr/lib/x86_64-linux-gnu/libpcl_stereo.so  
[2.738s] -- Found PCL_APPS: /usr/lib/x86_64-linux-gnu/libpcl_apps.so  
[2.738s] -- Found PCL_IN_HAND_SCANNER: /usr/include/pcl-1.12  
[2.738s] -- Found PCL_MODELER: /usr/include/pcl-1.12  
[2.739s] -- Found PCL_POINT_CLOUD_EDITOR: /usr/include/pcl-1.12  
[2.740s] -- Found PCL_OUTOFCORE: /usr/lib/x86_64-linux-gnu/libpcl_outofcore.so  
[2.741s] -- Found PCL_PEOPLE: /usr/lib/x86_64-linux-gnu/libpcl_people.so  
[2.744s] -- Found tf2: 0.25.8 (/opt/ros/humble/share/tf2/cmake)
[2.757s] -- Found tf2_geometry_msgs: 0.25.8 (/opt/ros/humble/share/tf2_geometry_msgs/cmake)
[2.772s] -- Found eigen3_cmake_module: 0.1.1 (/opt/ros/humble/share/eigen3_cmake_module/cmake)
[2.774s] -- Found Eigen3: TRUE (found version "3.4.0") 
[2.774s] -- Ensuring Eigen3 include directory is part of orocos-kdl CMake target
[2.847s] -- Found tf2_sensor_msgs: 0.25.8 (/opt/ros/humble/share/tf2_sensor_msgs/cmake)
[2.851s] -- Found tf2_eigen: 0.25.8 (/opt/ros/humble/share/tf2_eigen/cmake)
[2.856s] -- Found OpenCV: /usr (found version "4.5.4") 
[2.856s] [33mCMake Warning (dev) at CMakeLists.txt:29 (find_package):
[2.856s]   Policy CMP0074 is not set: find_package uses <PackageName>_ROOT variables.
[2.856s]   Run "cmake --help-policy CMP0074" for policy details.  Use the cmake_policy
[2.856s]   command to set the policy and suppress this warning.
[2.856s] 
[2.856s]   CMake variable PCL_ROOT is set to:
[2.856s] 
[2.856s]     /usr
[2.857s] 
[2.857s]   For compatibility, CMake is ignoring the variable.
[2.857s] This warning is for project developers.  Use -Wno-dev to suppress it.
[2.857s] [0m
[2.884s] -- Found Boost: /usr/lib/x86_64-linux-gnu/cmake/Boost-1.74.0/BoostConfig.cmake (found suitable version "1.74.0", minimum required is "1.65") found components: serialization system filesystem thread program_options date_time timer chrono regex 
[2.885s] -- GTSAM include directory:  /usr/lib/cmake/GTSAM/../../../include
[2.893s] -- Found Eigen: /usr/include/eigen3  
[2.893s] -- Eigen found (include: /usr/include/eigen3, version: 3.4.0)
[3.115s] -- Found OpenMP_C: -fopenmp (found version "4.5") 
[3.184s] -- Found OpenMP_CXX: -fopenmp (found version "4.5") 
[3.184s] -- Found OpenMP: TRUE (found version "4.5")  
[3.451s] -- Found ament_cmake_ros: 0.10.0 (/opt/ros/humble/share/ament_cmake_ros/cmake)
[3.685s] -- Using all available rosidl_typesupport_c: rosidl_typesupport_fastrtps_c;rosidl_typesupport_introspection_c
[3.991s] -- Using all available rosidl_typesupport_cpp: rosidl_typesupport_fastrtps_cpp;rosidl_typesupport_introspection_cpp
[4.010s] -- Found PythonInterp: /usr/bin/python3 (found suitable version "3.10.12", minimum required is "3.6") 
[4.012s] -- Found python_cmake_module: 0.10.0 (/opt/ros/humble/share/python_cmake_module/cmake)
[4.039s] -- Found PythonLibs: /usr/lib/x86_64-linux-gnu/libpython3.10.so (found suitable version "3.10.12", minimum required is "3.5") 
[4.039s] -- Using PYTHON_EXECUTABLE: /usr/bin/python3
[4.039s] -- Using PYTHON_INCLUDE_DIRS: /usr/include/python3.10
[4.040s] -- Using PYTHON_LIBRARIES: /usr/lib/x86_64-linux-gnu/libpython3.10.so
[4.058s] -- Found PythonExtra: .so  
[4.155s] -- Found ament_lint_auto: 0.12.11 (/opt/ros/humble/share/ament_lint_auto/cmake)
[4.170s] -- Added test 'copyright' to check source files copyright and LICENSE
[4.176s] -- Added test 'cppcheck' to perform static code analysis on C / C++ code
[4.177s] -- Configured cppcheck include dirs: /home/mscroboticslaptop19/ros2_ws/src/LIO-SAM/include/lio_sam;$<BUILD_INTERFACE:/home/mscroboticslaptop19/ros2_ws/src/LIO-SAM/build/lio_sam/rosidl_generator_c>;$<BUILD_INTERFACE:/home/mscroboticslaptop19/ros2_ws/src/LIO-SAM/build/lio_sam/rosidl_typesupport_fastrtps_c>;$<BUILD_INTERFACE:/home/mscroboticslaptop19/ros2_ws/src/LIO-SAM/build/lio_sam/rosidl_typesupport_introspection_c>;$<BUILD_INTERFACE:/home/mscroboticslaptop19/ros2_ws/src/LIO-SAM/build/lio_sam/rosidl_generator_cpp>;$<BUILD_INTERFACE:/home/mscroboticslaptop19/ros2_ws/src/LIO-SAM/build/lio_sam/rosidl_typesupport_fastrtps_cpp>;$<BUILD_INTERFACE:/home/mscroboticslaptop19/ros2_ws/src/LIO-SAM/build/lio_sam/rosidl_typesupport_introspection_cpp>;/home/mscroboticslaptop19/ros2_ws/src/LIO-SAM/build/lio_sam/rosidl_generator_c;/home/mscroboticslaptop19/ros2_ws/src/LIO-SAM/build/lio_sam/rosidl_generator_py
[4.177s] -- Configured cppcheck exclude dirs and/or files: 
[4.183s] -- Added test 'cpplint' to check C / C++ code against the Google style
[4.183s] -- Configured cpplint exclude dirs and/or files: 
[4.183s] -- Added test 'flake8' to check Python code syntax and style conventions
[4.185s] -- Added test 'lint_cmake' to check CMake code style
[4.186s] -- Added test 'pep257' to check Python code against some of the docstring style conventions in PEP 257
[4.192s] -- Added test 'uncrustify' to check C / C++ code style
[4.192s] -- Configured uncrustify additional arguments: 
[4.193s] -- Added test 'xmllint' to check XML markup files
[4.195s] -- Configuring done
[4.297s] -- Generating done
[4.300s] -- Build files have been written to: /home/mscroboticslaptop19/ros2_ws/src/LIO-SAM/build/lio_sam
[4.326s] Invoked command in '/home/mscroboticslaptop19/ros2_ws/src/LIO-SAM/build/lio_sam' returned '0': CMAKE_PREFIX_PATH=${CMAKE_PREFIX_PATH}:/opt/ros/humble /usr/bin/cmake /home/mscroboticslaptop19/ros2_ws/src/LIO-SAM -DCMAKE_INSTALL_PREFIX=/home/mscroboticslaptop19/ros2_ws/src/LIO-SAM/install/lio_sam
[4.328s] Invoking command in '/home/mscroboticslaptop19/ros2_ws/src/LIO-SAM/build/lio_sam': CMAKE_PREFIX_PATH=${CMAKE_PREFIX_PATH}:/opt/ros/humble /usr/bin/cmake --build /home/mscroboticslaptop19/ros2_ws/src/LIO-SAM/build/lio_sam -- -j12 -l12
[4.374s] [  2%] [34m[1mGenerating C code for ROS interfaces[0m
[4.386s] [  4%] [34m[1mGenerating C++ code for ROS interfaces[0m
[4.392s] [  4%] Built target ament_cmake_python_copy_lio_sam
[4.573s] running egg_info
[4.573s] creating lio_sam.egg-info
[4.574s] writing lio_sam.egg-info/PKG-INFO
[4.574s] writing dependency_links to lio_sam.egg-info/dependency_links.txt
[4.574s] writing top-level names to lio_sam.egg-info/top_level.txt
[4.575s] writing manifest file 'lio_sam.egg-info/SOURCES.txt'
[4.577s] reading manifest file 'lio_sam.egg-info/SOURCES.txt'
[4.577s] writing manifest file 'lio_sam.egg-info/SOURCES.txt'
[4.605s] [  4%] Built target ament_cmake_python_build_lio_sam_egg
[4.689s] [  8%] [32mBuilding C object CMakeFiles/lio_sam__rosidl_generator_c.dir/rosidl_generator_c/lio_sam/msg/detail/cloud_info__functions.c.o[0m
[4.689s] [  8%] [32mBuilding C object CMakeFiles/lio_sam__rosidl_generator_c.dir/rosidl_generator_c/lio_sam/srv/detail/save_map__functions.c.o[0m
[4.801s] [ 10%] [32m[1mLinking C shared library liblio_sam__rosidl_generator_c.so[0m
[4.817s] [ 10%] Built target lio_sam__cpp
[4.828s] [ 12%] [34m[1mGenerating C++ type support dispatch for ROS interfaces[0m
[4.830s] [ 17%] [34m[1mGenerating C++ type support for eProsima Fast-RTPS[0m
[4.830s] [ 17%] [34m[1mGenerating C++ introspection for ROS interfaces[0m
[4.842s] [ 17%] Built target lio_sam__rosidl_generator_c
[4.854s] [ 19%] [34m[1mGenerating C type support for eProsima Fast-RTPS[0m
[4.856s] [ 23%] [34m[1mGenerating C introspection for ROS interfaces[0m
[4.856s] [ 23%] [34m[1mGenerating C type support dispatch for ROS interfaces[0m
[5.224s] [ 27%] [32mBuilding CXX object CMakeFiles/lio_sam__rosidl_typesupport_fastrtps_c.dir/rosidl_typesupport_fastrtps_c/lio_sam/msg/detail/cloud_info__type_support_c.cpp.o[0m
[5.224s] [ 27%] [32mBuilding CXX object CMakeFiles/lio_sam__rosidl_typesupport_fastrtps_c.dir/rosidl_typesupport_fastrtps_c/lio_sam/srv/detail/save_map__type_support_c.cpp.o[0m
[5.224s] [ 29%] [32mBuilding CXX object CMakeFiles/lio_sam__rosidl_typesupport_c.dir/rosidl_typesupport_c/lio_sam/msg/cloud_info__type_support.cpp.o[0m
[5.225s] [ 31%] [32mBuilding CXX object CMakeFiles/lio_sam__rosidl_typesupport_c.dir/rosidl_typesupport_c/lio_sam/srv/save_map__type_support.cpp.o[0m
[5.275s] [ 36%] [32mBuilding CXX object CMakeFiles/lio_sam__rosidl_typesupport_cpp.dir/rosidl_typesupport_cpp/lio_sam/msg/cloud_info__type_support.cpp.o[0m
[5.275s] [ 36%] [32mBuilding CXX object CMakeFiles/lio_sam__rosidl_typesupport_cpp.dir/rosidl_typesupport_cpp/lio_sam/srv/save_map__type_support.cpp.o[0m
[5.287s] [ 38%] [32m[1mLinking CXX shared library liblio_sam__rosidl_typesupport_c.so[0m
[5.344s] [ 40%] [32mBuilding CXX object CMakeFiles/lio_sam__rosidl_typesupport_fastrtps_cpp.dir/rosidl_typesupport_fastrtps_cpp/lio_sam/srv/detail/dds_fastrtps/save_map__type_support.cpp.o[0m
[5.356s] [ 42%] [32mBuilding CXX object CMakeFiles/lio_sam__rosidl_typesupport_fastrtps_cpp.dir/rosidl_typesupport_fastrtps_cpp/lio_sam/msg/detail/dds_fastrtps/cloud_info__type_support.cpp.o[0m
[5.360s] [ 46%] [32mBuilding CXX object CMakeFiles/lio_sam__rosidl_typesupport_introspection_cpp.dir/rosidl_typesupport_introspection_cpp/lio_sam/msg/detail/cloud_info__type_support.cpp.o[0m
[5.360s] [ 46%] [32mBuilding CXX object CMakeFiles/lio_sam__rosidl_typesupport_introspection_cpp.dir/rosidl_typesupport_introspection_cpp/lio_sam/srv/detail/save_map__type_support.cpp.o[0m
[5.361s] [ 46%] Built target lio_sam__rosidl_typesupport_c
[5.374s] [ 51%] [32mBuilding C object CMakeFiles/lio_sam__rosidl_typesupport_introspection_c.dir/rosidl_typesupport_introspection_c/lio_sam/srv/detail/save_map__type_support.c.o[0m
[5.374s] [ 51%] [32mBuilding C object CMakeFiles/lio_sam__rosidl_typesupport_introspection_c.dir/rosidl_typesupport_introspection_c/lio_sam/msg/detail/cloud_info__type_support.c.o[0m
[5.499s] [ 53%] [32m[1mLinking C shared library liblio_sam__rosidl_typesupport_introspection_c.so[0m
[5.553s] [ 53%] Built target lio_sam__rosidl_typesupport_introspection_c
[5.738s] [ 55%] [32m[1mLinking CXX shared library liblio_sam__rosidl_typesupport_cpp.so[0m
[5.805s] [ 55%] Built target lio_sam__rosidl_typesupport_cpp
[5.831s] [ 57%] [32mBuilding CXX object CMakeFiles/lio_sam_featureExtraction.dir/src/featureExtraction.cpp.o[0m
[5.833s] [ 59%] [32mBuilding CXX object CMakeFiles/lio_sam_imuPreintegration.dir/src/imuPreintegration.cpp.o[0m
[5.838s] [ 61%] [32mBuilding CXX object CMakeFiles/lio_sam_imageProjection.dir/src/imageProjection.cpp.o[0m
[5.839s] [ 63%] [32mBuilding CXX object CMakeFiles/lio_sam_mapOptimization.dir/src/mapOptmization.cpp.o[0m
[5.840s] [ 65%] [32m[1mLinking CXX shared library liblio_sam__rosidl_typesupport_fastrtps_c.so[0m
[5.996s] [ 65%] Built target lio_sam__rosidl_typesupport_fastrtps_c
[6.171s] [ 68%] [32m[1mLinking CXX shared library liblio_sam__rosidl_typesupport_fastrtps_cpp.so[0m
[6.179s] [ 70%] [32m[1mLinking CXX shared library liblio_sam__rosidl_typesupport_introspection_cpp.so[0m
[6.356s] [ 70%] Built target lio_sam__rosidl_typesupport_fastrtps_cpp
[6.358s] [ 70%] Built target lio_sam__rosidl_typesupport_introspection_cpp
[6.389s] [ 70%] Built target lio_sam
[6.415s] [ 72%] [34m[1mGenerating Python code for ROS interfaces[0m
[6.997s] [ 72%] Built target lio_sam__py
[7.024s] [ 76%] [32mBuilding C object CMakeFiles/lio_sam__rosidl_generator_py.dir/rosidl_generator_py/lio_sam/srv/_save_map_s.c.o[0m
[7.024s] [ 76%] [32mBuilding C object CMakeFiles/lio_sam__rosidl_generator_py.dir/rosidl_generator_py/lio_sam/msg/_cloud_info_s.c.o[0m
[7.285s] [ 78%] [32m[1mLinking C shared library rosidl_generator_py/lio_sam/liblio_sam__rosidl_generator_py.so[0m
[7.332s] [ 78%] Built target lio_sam__rosidl_generator_py
[7.351s] [ 82%] [32mBuilding C object CMakeFiles/lio_sam__rosidl_typesupport_fastrtps_c__pyext.dir/rosidl_generator_py/lio_sam/_lio_sam_s.ep.rosidl_typesupport_fastrtps_c.c.o[0m
[7.351s] [ 82%] [32mBuilding C object CMakeFiles/lio_sam__rosidl_typesupport_introspection_c__pyext.dir/rosidl_generator_py/lio_sam/_lio_sam_s.ep.rosidl_typesupport_introspection_c.c.o[0m
[7.357s] [ 85%] [32mBuilding C object CMakeFiles/lio_sam__rosidl_typesupport_c__pyext.dir/rosidl_generator_py/lio_sam/_lio_sam_s.ep.rosidl_typesupport_c.c.o[0m
[7.496s] [ 87%] [32m[1mLinking C shared library rosidl_generator_py/lio_sam/lio_sam_s__rosidl_typesupport_c.cpython-310-x86_64-linux-gnu.so[0m
[7.530s] [ 89%] [32m[1mLinking C shared library rosidl_generator_py/lio_sam/lio_sam_s__rosidl_typesupport_introspection_c.cpython-310-x86_64-linux-gnu.so[0m
[7.544s] [ 91%] [32m[1mLinking C shared library rosidl_generator_py/lio_sam/lio_sam_s__rosidl_typesupport_fastrtps_c.cpython-310-x86_64-linux-gnu.so[0m
[7.556s] [ 91%] Built target lio_sam__rosidl_typesupport_c__pyext
[7.580s] [ 91%] Built target lio_sam__rosidl_typesupport_introspection_c__pyext
[7.597s] [ 91%] Built target lio_sam__rosidl_typesupport_fastrtps_c__pyext
[38.666s] [ 93%] [32m[1mLinking CXX executable lio_sam_featureExtraction[0m
[39.493s] [ 93%] Built target lio_sam_featureExtraction
[50.887s] [ 95%] [32m[1mLinking CXX executable lio_sam_imageProjection[0m
[51.511s] [ 95%] Built target lio_sam_imageProjection
[57.294s] [ 97%] [32m[1mLinking CXX executable lio_sam_imuPreintegration[0m
[57.927s] [ 97%] Built target lio_sam_imuPreintegration
[79.832s] [100%] [32m[1mLinking CXX executable lio_sam_mapOptimization[0m
[80.360s] /usr/bin/ld: warning: libtbb.so.2, needed by /usr/lib/x86_64-linux-gnu/libopencv_core.so.4.5.4d, may conflict with libtbb.so.12
[80.588s] [100%] Built target lio_sam_mapOptimization
[80.598s] Invoked command in '/home/mscroboticslaptop19/ros2_ws/src/LIO-SAM/build/lio_sam' returned '0': CMAKE_PREFIX_PATH=${CMAKE_PREFIX_PATH}:/opt/ros/humble /usr/bin/cmake --build /home/mscroboticslaptop19/ros2_ws/src/LIO-SAM/build/lio_sam -- -j12 -l12
[80.693s] Invoking command in '/home/mscroboticslaptop19/ros2_ws/src/LIO-SAM/build/lio_sam': CMAKE_PREFIX_PATH=${CMAKE_PREFIX_PATH}:/opt/ros/humble /usr/bin/cmake --install /home/mscroboticslaptop19/ros2_ws/src/LIO-SAM/build/lio_sam
[80.702s] -- Install configuration: "Release"
[80.702s] -- Installing: /home/mscroboticslaptop19/ros2_ws/src/LIO-SAM/install/lio_sam/share/ament_index/resource_index/rosidl_interfaces/lio_sam
[80.702s] -- Installing: /home/mscroboticslaptop19/ros2_ws/src/LIO-SAM/install/lio_sam/include/lio_sam/lio_sam
[80.703s] -- Installing: /home/mscroboticslaptop19/ros2_ws/src/LIO-SAM/install/lio_sam/include/lio_sam/lio_sam/srv
[80.703s] -- Installing: /home/mscroboticslaptop19/ros2_ws/src/LIO-SAM/install/lio_sam/include/lio_sam/lio_sam/srv/save_map.h
[80.703s] -- Installing: /home/mscroboticslaptop19/ros2_ws/src/LIO-SAM/install/lio_sam/include/lio_sam/lio_sam/srv/detail
[80.703s] -- Installing: /home/mscroboticslaptop19/ros2_ws/src/LIO-SAM/install/lio_sam/include/lio_sam/lio_sam/srv/detail/save_map__functions.c
[80.703s] -- Installing: /home/mscroboticslaptop19/ros2_ws/src/LIO-SAM/install/lio_sam/include/lio_sam/lio_sam/srv/detail/save_map__functions.h
[80.703s] -- Installing: /home/mscroboticslaptop19/ros2_ws/src/LIO-SAM/install/lio_sam/include/lio_sam/lio_sam/srv/detail/save_map__struct.h
[80.703s] -- Installing: /home/mscroboticslaptop19/ros2_ws/src/LIO-SAM/install/lio_sam/include/lio_sam/lio_sam/srv/detail/save_map__type_support.h
[80.703s] -- Installing: /home/mscroboticslaptop19/ros2_ws/src/LIO-SAM/install/lio_sam/include/lio_sam/lio_sam/msg
[80.703s] -- Installing: /home/mscroboticslaptop19/ros2_ws/src/LIO-SAM/install/lio_sam/include/lio_sam/lio_sam/msg/detail
[80.703s] -- Installing: /home/mscroboticslaptop19/ros2_ws/src/LIO-SAM/install/lio_sam/include/lio_sam/lio_sam/msg/detail/cloud_info__functions.h
[80.703s] -- Installing: /home/mscroboticslaptop19/ros2_ws/src/LIO-SAM/install/lio_sam/include/lio_sam/lio_sam/msg/detail/cloud_info__struct.h
[80.704s] -- Installing: /home/mscroboticslaptop19/ros2_ws/src/LIO-SAM/install/lio_sam/include/lio_sam/lio_sam/msg/detail/cloud_info__functions.c
[80.704s] -- Installing: /home/mscroboticslaptop19/ros2_ws/src/LIO-SAM/install/lio_sam/include/lio_sam/lio_sam/msg/detail/cloud_info__type_support.h
[80.704s] -- Installing: /home/mscroboticslaptop19/ros2_ws/src/LIO-SAM/install/lio_sam/include/lio_sam/lio_sam/msg/cloud_info.h
[80.704s] -- Installing: /home/mscroboticslaptop19/ros2_ws/src/LIO-SAM/install/lio_sam/include/lio_sam/lio_sam/msg/rosidl_generator_c__visibility_control.h
[80.704s] -- Installing: /home/mscroboticslaptop19/ros2_ws/src/LIO-SAM/install/lio_sam/share/lio_sam/environment/library_path.sh
[80.705s] -- Installing: /home/mscroboticslaptop19/ros2_ws/src/LIO-SAM/install/lio_sam/share/lio_sam/environment/library_path.dsv
[80.705s] -- Installing: /home/mscroboticslaptop19/ros2_ws/src/LIO-SAM/install/lio_sam/lib/liblio_sam__rosidl_generator_c.so
[80.705s] -- Set runtime path of "/home/mscroboticslaptop19/ros2_ws/src/LIO-SAM/install/lio_sam/lib/liblio_sam__rosidl_generator_c.so" to ""
[80.705s] -- Up-to-date: /home/mscroboticslaptop19/ros2_ws/src/LIO-SAM/install/lio_sam/include/lio_sam/lio_sam
[80.706s] -- Up-to-date: /home/mscroboticslaptop19/ros2_ws/src/LIO-SAM/install/lio_sam/include/lio_sam/lio_sam/srv
[80.706s] -- Up-to-date: /home/mscroboticslaptop19/ros2_ws/src/LIO-SAM/install/lio_sam/include/lio_sam/lio_sam/srv/detail
[80.706s] -- Installing: /home/mscroboticslaptop19/ros2_ws/src/LIO-SAM/install/lio_sam/include/lio_sam/lio_sam/srv/detail/save_map__rosidl_typesupport_fastrtps_c.h
[80.706s] -- Up-to-date: /home/mscroboticslaptop19/ros2_ws/src/LIO-SAM/install/lio_sam/include/lio_sam/lio_sam/msg
[80.706s] -- Installing: /home/mscroboticslaptop19/ros2_ws/src/LIO-SAM/install/lio_sam/include/lio_sam/lio_sam/msg/rosidl_typesupport_fastrtps_c__visibility_control.h
[80.706s] -- Up-to-date: /home/mscroboticslaptop19/ros2_ws/src/LIO-SAM/install/lio_sam/include/lio_sam/lio_sam/msg/detail
[80.706s] -- Installing: /home/mscroboticslaptop19/ros2_ws/src/LIO-SAM/install/lio_sam/include/lio_sam/lio_sam/msg/detail/cloud_info__rosidl_typesupport_fastrtps_c.h
[80.706s] -- Installing: /home/mscroboticslaptop19/ros2_ws/src/LIO-SAM/install/lio_sam/lib/liblio_sam__rosidl_typesupport_fastrtps_c.so
[80.706s] -- Set runtime path of "/home/mscroboticslaptop19/ros2_ws/src/LIO-SAM/install/lio_sam/lib/liblio_sam__rosidl_typesupport_fastrtps_c.so" to ""
[80.706s] -- Up-to-date: /home/mscroboticslaptop19/ros2_ws/src/LIO-SAM/install/lio_sam/include/lio_sam/lio_sam
[80.707s] -- Up-to-date: /home/mscroboticslaptop19/ros2_ws/src/LIO-SAM/install/lio_sam/include/lio_sam/lio_sam/srv
[80.707s] -- Up-to-date: /home/mscroboticslaptop19/ros2_ws/src/LIO-SAM/install/lio_sam/include/lio_sam/lio_sam/srv/detail
[80.707s] -- Installing: /home/mscroboticslaptop19/ros2_ws/src/LIO-SAM/install/lio_sam/include/lio_sam/lio_sam/srv/detail/save_map__type_support.c
[80.707s] -- Installing: /home/mscroboticslaptop19/ros2_ws/src/LIO-SAM/install/lio_sam/include/lio_sam/lio_sam/srv/detail/save_map__rosidl_typesupport_introspection_c.h
[80.707s] -- Up-to-date: /home/mscroboticslaptop19/ros2_ws/src/LIO-SAM/install/lio_sam/include/lio_sam/lio_sam/msg
[80.707s] -- Installing: /home/mscroboticslaptop19/ros2_ws/src/LIO-SAM/install/lio_sam/include/lio_sam/lio_sam/msg/rosidl_typesupport_introspection_c__visibility_control.h
[80.707s] -- Up-to-date: /home/mscroboticslaptop19/ros2_ws/src/LIO-SAM/install/lio_sam/include/lio_sam/lio_sam/msg/detail
[80.707s] -- Installing: /home/mscroboticslaptop19/ros2_ws/src/LIO-SAM/install/lio_sam/include/lio_sam/lio_sam/msg/detail/cloud_info__rosidl_typesupport_introspection_c.h
[80.707s] -- Installing: /home/mscroboticslaptop19/ros2_ws/src/LIO-SAM/install/lio_sam/include/lio_sam/lio_sam/msg/detail/cloud_info__type_support.c
[80.707s] -- Installing: /home/mscroboticslaptop19/ros2_ws/src/LIO-SAM/install/lio_sam/lib/liblio_sam__rosidl_typesupport_introspection_c.so
[80.708s] -- Set runtime path of "/home/mscroboticslaptop19/ros2_ws/src/LIO-SAM/install/lio_sam/lib/liblio_sam__rosidl_typesupport_introspection_c.so" to ""
[80.708s] -- Installing: /home/mscroboticslaptop19/ros2_ws/src/LIO-SAM/install/lio_sam/lib/liblio_sam__rosidl_typesupport_c.so
[80.708s] -- Set runtime path of "/home/mscroboticslaptop19/ros2_ws/src/LIO-SAM/install/lio_sam/lib/liblio_sam__rosidl_typesupport_c.so" to ""
[80.708s] -- Up-to-date: /home/mscroboticslaptop19/ros2_ws/src/LIO-SAM/install/lio_sam/include/lio_sam/lio_sam
[80.708s] -- Up-to-date: /home/mscroboticslaptop19/ros2_ws/src/LIO-SAM/install/lio_sam/include/lio_sam/lio_sam/srv
[80.708s] -- Installing: /home/mscroboticslaptop19/ros2_ws/src/LIO-SAM/install/lio_sam/include/lio_sam/lio_sam/srv/save_map.hpp
[80.708s] -- Up-to-date: /home/mscroboticslaptop19/ros2_ws/src/LIO-SAM/install/lio_sam/include/lio_sam/lio_sam/srv/detail
[80.708s] -- Installing: /home/mscroboticslaptop19/ros2_ws/src/LIO-SAM/install/lio_sam/include/lio_sam/lio_sam/srv/detail/save_map__struct.hpp
[80.708s] -- Installing: /home/mscroboticslaptop19/ros2_ws/src/LIO-SAM/install/lio_sam/include/lio_sam/lio_sam/srv/detail/save_map__traits.hpp
[80.708s] -- Installing: /home/mscroboticslaptop19/ros2_ws/src/LIO-SAM/install/lio_sam/include/lio_sam/lio_sam/srv/detail/save_map__builder.hpp
[80.708s] -- Up-to-date: /home/mscroboticslaptop19/ros2_ws/src/LIO-SAM/install/lio_sam/include/lio_sam/lio_sam/msg
[80.708s] -- Up-to-date: /home/mscroboticslaptop19/ros2_ws/src/LIO-SAM/install/lio_sam/include/lio_sam/lio_sam/msg/detail
[80.709s] -- Installing: /home/mscroboticslaptop19/ros2_ws/src/LIO-SAM/install/lio_sam/include/lio_sam/lio_sam/msg/detail/cloud_info__builder.hpp
[80.709s] -- Installing: /home/mscroboticslaptop19/ros2_ws/src/LIO-SAM/install/lio_sam/include/lio_sam/lio_sam/msg/detail/cloud_info__traits.hpp
[80.709s] -- Installing: /home/mscroboticslaptop19/ros2_ws/src/LIO-SAM/install/lio_sam/include/lio_sam/lio_sam/msg/detail/cloud_info__struct.hpp
[80.709s] -- Installing: /home/mscroboticslaptop19/ros2_ws/src/LIO-SAM/install/lio_sam/include/lio_sam/lio_sam/msg/cloud_info.hpp
[80.709s] -- Up-to-date: /home/mscroboticslaptop19/ros2_ws/src/LIO-SAM/install/lio_sam/include/lio_sam/lio_sam
[80.709s] -- Up-to-date: /home/mscroboticslaptop19/ros2_ws/src/LIO-SAM/install/lio_sam/include/lio_sam/lio_sam/srv
[80.709s] -- Up-to-date: /home/mscroboticslaptop19/ros2_ws/src/LIO-SAM/install/lio_sam/include/lio_sam/lio_sam/srv/detail
[80.710s] -- Installing: /home/mscroboticslaptop19/ros2_ws/src/LIO-SAM/install/lio_sam/include/lio_sam/lio_sam/srv/detail/save_map__rosidl_typesupport_fastrtps_cpp.hpp
[80.710s] -- Installing: /home/mscroboticslaptop19/ros2_ws/src/LIO-SAM/install/lio_sam/include/lio_sam/lio_sam/srv/detail/dds_fastrtps
[80.710s] -- Up-to-date: /home/mscroboticslaptop19/ros2_ws/src/LIO-SAM/install/lio_sam/include/lio_sam/lio_sam/msg
[80.710s] -- Up-to-date: /home/mscroboticslaptop19/ros2_ws/src/LIO-SAM/install/lio_sam/include/lio_sam/lio_sam/msg/detail
[80.710s] -- Installing: /home/mscroboticslaptop19/ros2_ws/src/LIO-SAM/install/lio_sam/include/lio_sam/lio_sam/msg/detail/cloud_info__rosidl_typesupport_fastrtps_cpp.hpp
[80.710s] -- Installing: /home/mscroboticslaptop19/ros2_ws/src/LIO-SAM/install/lio_sam/include/lio_sam/lio_sam/msg/detail/dds_fastrtps
[80.710s] -- Installing: /home/mscroboticslaptop19/ros2_ws/src/LIO-SAM/install/lio_sam/include/lio_sam/lio_sam/msg/rosidl_typesupport_fastrtps_cpp__visibility_control.h
[80.710s] -- Installing: /home/mscroboticslaptop19/ros2_ws/src/LIO-SAM/install/lio_sam/lib/liblio_sam__rosidl_typesupport_fastrtps_cpp.so
[80.710s] -- Set runtime path of "/home/mscroboticslaptop19/ros2_ws/src/LIO-SAM/install/lio_sam/lib/liblio_sam__rosidl_typesupport_fastrtps_cpp.so" to ""
[80.710s] -- Up-to-date: /home/mscroboticslaptop19/ros2_ws/src/LIO-SAM/install/lio_sam/include/lio_sam/lio_sam
[80.711s] -- Up-to-date: /home/mscroboticslaptop19/ros2_ws/src/LIO-SAM/install/lio_sam/include/lio_sam/lio_sam/srv
[80.711s] -- Up-to-date: /home/mscroboticslaptop19/ros2_ws/src/LIO-SAM/install/lio_sam/include/lio_sam/lio_sam/srv/detail
[80.711s] -- Installing: /home/mscroboticslaptop19/ros2_ws/src/LIO-SAM/install/lio_sam/include/lio_sam/lio_sam/srv/detail/save_map__rosidl_typesupport_introspection_cpp.hpp
[80.711s] -- Installing: /home/mscroboticslaptop19/ros2_ws/src/LIO-SAM/install/lio_sam/include/lio_sam/lio_sam/srv/detail/save_map__type_support.cpp
[80.711s] -- Up-to-date: /home/mscroboticslaptop19/ros2_ws/src/LIO-SAM/install/lio_sam/include/lio_sam/lio_sam/msg
[80.711s] -- Up-to-date: /home/mscroboticslaptop19/ros2_ws/src/LIO-SAM/install/lio_sam/include/lio_sam/lio_sam/msg/detail
[80.711s] -- Installing: /home/mscroboticslaptop19/ros2_ws/src/LIO-SAM/install/lio_sam/include/lio_sam/lio_sam/msg/detail/cloud_info__rosidl_typesupport_introspection_cpp.hpp
[80.711s] -- Installing: /home/mscroboticslaptop19/ros2_ws/src/LIO-SAM/install/lio_sam/include/lio_sam/lio_sam/msg/detail/cloud_info__type_support.cpp
[80.711s] -- Installing: /home/mscroboticslaptop19/ros2_ws/src/LIO-SAM/install/lio_sam/lib/liblio_sam__rosidl_typesupport_introspection_cpp.so
[80.711s] -- Set runtime path of "/home/mscroboticslaptop19/ros2_ws/src/LIO-SAM/install/lio_sam/lib/liblio_sam__rosidl_typesupport_introspection_cpp.so" to ""
[80.712s] -- Installing: /home/mscroboticslaptop19/ros2_ws/src/LIO-SAM/install/lio_sam/lib/liblio_sam__rosidl_typesupport_cpp.so
[80.712s] -- Set runtime path of "/home/mscroboticslaptop19/ros2_ws/src/LIO-SAM/install/lio_sam/lib/liblio_sam__rosidl_typesupport_cpp.so" to ""
[80.712s] -- Installing: /home/mscroboticslaptop19/ros2_ws/src/LIO-SAM/install/lio_sam/share/lio_sam/environment/pythonpath.sh
[80.712s] -- Installing: /home/mscroboticslaptop19/ros2_ws/src/LIO-SAM/install/lio_sam/share/lio_sam/environment/pythonpath.dsv
[80.712s] -- Installing: /home/mscroboticslaptop19/ros2_ws/src/LIO-SAM/install/lio_sam/local/lib/python3.10/dist-packages/lio_sam-1.0.0-py3.10.egg-info
[80.712s] -- Installing: /home/mscroboticslaptop19/ros2_ws/src/LIO-SAM/install/lio_sam/local/lib/python3.10/dist-packages/lio_sam-1.0.0-py3.10.egg-info/dependency_links.txt
[80.712s] -- Installing: /home/mscroboticslaptop19/ros2_ws/src/LIO-SAM/install/lio_sam/local/lib/python3.10/dist-packages/lio_sam-1.0.0-py3.10.egg-info/top_level.txt
[80.712s] -- Installing: /home/mscroboticslaptop19/ros2_ws/src/LIO-SAM/install/lio_sam/local/lib/python3.10/dist-packages/lio_sam-1.0.0-py3.10.egg-info/SOURCES.txt
[80.712s] -- Installing: /home/mscroboticslaptop19/ros2_ws/src/LIO-SAM/install/lio_sam/local/lib/python3.10/dist-packages/lio_sam-1.0.0-py3.10.egg-info/PKG-INFO
[80.712s] -- Installing: /home/mscroboticslaptop19/ros2_ws/src/LIO-SAM/install/lio_sam/local/lib/python3.10/dist-packages/lio_sam
[80.712s] -- Installing: /home/mscroboticslaptop19/ros2_ws/src/LIO-SAM/install/lio_sam/local/lib/python3.10/dist-packages/lio_sam/srv
[80.712s] -- Installing: /home/mscroboticslaptop19/ros2_ws/src/LIO-SAM/install/lio_sam/local/lib/python3.10/dist-packages/lio_sam/srv/__init__.py
[80.712s] -- Installing: /home/mscroboticslaptop19/ros2_ws/src/LIO-SAM/install/lio_sam/local/lib/python3.10/dist-packages/lio_sam/srv/_save_map.py
[80.713s] -- Installing: /home/mscroboticslaptop19/ros2_ws/src/LIO-SAM/install/lio_sam/local/lib/python3.10/dist-packages/lio_sam/srv/_save_map_s.c
[80.713s] -- Installing: /home/mscroboticslaptop19/ros2_ws/src/LIO-SAM/install/lio_sam/local/lib/python3.10/dist-packages/lio_sam/lio_sam_s__rosidl_typesupport_fastrtps_c.cpython-310-x86_64-linux-gnu.so
[80.713s] -- Installing: /home/mscroboticslaptop19/ros2_ws/src/LIO-SAM/install/lio_sam/local/lib/python3.10/dist-packages/lio_sam/msg
[80.713s] -- Installing: /home/mscroboticslaptop19/ros2_ws/src/LIO-SAM/install/lio_sam/local/lib/python3.10/dist-packages/lio_sam/msg/_cloud_info.py
[80.713s] -- Installing: /home/mscroboticslaptop19/ros2_ws/src/LIO-SAM/install/lio_sam/local/lib/python3.10/dist-packages/lio_sam/msg/_cloud_info_s.c
[80.713s] -- Installing: /home/mscroboticslaptop19/ros2_ws/src/LIO-SAM/install/lio_sam/local/lib/python3.10/dist-packages/lio_sam/msg/__init__.py
[80.713s] -- Installing: /home/mscroboticslaptop19/ros2_ws/src/LIO-SAM/install/lio_sam/local/lib/python3.10/dist-packages/lio_sam/_lio_sam_s.ep.rosidl_typesupport_fastrtps_c.c
[80.713s] -- Installing: /home/mscroboticslaptop19/ros2_ws/src/LIO-SAM/install/lio_sam/local/lib/python3.10/dist-packages/lio_sam/_lio_sam_s.ep.rosidl_typesupport_introspection_c.c
[80.713s] -- Installing: /home/mscroboticslaptop19/ros2_ws/src/LIO-SAM/install/lio_sam/local/lib/python3.10/dist-packages/lio_sam/__init__.py
[80.713s] -- Installing: /home/mscroboticslaptop19/ros2_ws/src/LIO-SAM/install/lio_sam/local/lib/python3.10/dist-packages/lio_sam/_lio_sam_s.ep.rosidl_typesupport_c.c
[80.713s] -- Installing: /home/mscroboticslaptop19/ros2_ws/src/LIO-SAM/install/lio_sam/local/lib/python3.10/dist-packages/lio_sam/liblio_sam__rosidl_generator_py.so
[80.713s] -- Installing: /home/mscroboticslaptop19/ros2_ws/src/LIO-SAM/install/lio_sam/local/lib/python3.10/dist-packages/lio_sam/lio_sam_s__rosidl_typesupport_c.cpython-310-x86_64-linux-gnu.so
[80.713s] -- Installing: /home/mscroboticslaptop19/ros2_ws/src/LIO-SAM/install/lio_sam/local/lib/python3.10/dist-packages/lio_sam/lio_sam_s__rosidl_typesupport_introspection_c.cpython-310-x86_64-linux-gnu.so
[80.748s] Listing '/home/mscroboticslaptop19/ros2_ws/src/LIO-SAM/install/lio_sam/local/lib/python3.10/dist-packages/lio_sam'...
[80.749s] Compiling '/home/mscroboticslaptop19/ros2_ws/src/LIO-SAM/install/lio_sam/local/lib/python3.10/dist-packages/lio_sam/__init__.py'...
[80.749s] Listing '/home/mscroboticslaptop19/ros2_ws/src/LIO-SAM/install/lio_sam/local/lib/python3.10/dist-packages/lio_sam/msg'...
[80.749s] Compiling '/home/mscroboticslaptop19/ros2_ws/src/LIO-SAM/install/lio_sam/local/lib/python3.10/dist-packages/lio_sam/msg/__init__.py'...
[80.749s] Compiling '/home/mscroboticslaptop19/ros2_ws/src/LIO-SAM/install/lio_sam/local/lib/python3.10/dist-packages/lio_sam/msg/_cloud_info.py'...
[80.749s] Listing '/home/mscroboticslaptop19/ros2_ws/src/LIO-SAM/install/lio_sam/local/lib/python3.10/dist-packages/lio_sam/srv'...
[80.749s] Compiling '/home/mscroboticslaptop19/ros2_ws/src/LIO-SAM/install/lio_sam/local/lib/python3.10/dist-packages/lio_sam/srv/__init__.py'...
[80.749s] Compiling '/home/mscroboticslaptop19/ros2_ws/src/LIO-SAM/install/lio_sam/local/lib/python3.10/dist-packages/lio_sam/srv/_save_map.py'...
[80.752s] -- Installing: /home/mscroboticslaptop19/ros2_ws/src/LIO-SAM/install/lio_sam/local/lib/python3.10/dist-packages/lio_sam/lio_sam_s__rosidl_typesupport_fastrtps_c.cpython-310-x86_64-linux-gnu.so
[80.752s] -- Set runtime path of "/home/mscroboticslaptop19/ros2_ws/src/LIO-SAM/install/lio_sam/local/lib/python3.10/dist-packages/lio_sam/lio_sam_s__rosidl_typesupport_fastrtps_c.cpython-310-x86_64-linux-gnu.so" to ""
[80.752s] -- Installing: /home/mscroboticslaptop19/ros2_ws/src/LIO-SAM/install/lio_sam/local/lib/python3.10/dist-packages/lio_sam/lio_sam_s__rosidl_typesupport_introspection_c.cpython-310-x86_64-linux-gnu.so
[80.752s] -- Set runtime path of "/home/mscroboticslaptop19/ros2_ws/src/LIO-SAM/install/lio_sam/local/lib/python3.10/dist-packages/lio_sam/lio_sam_s__rosidl_typesupport_introspection_c.cpython-310-x86_64-linux-gnu.so" to ""
[80.752s] -- Installing: /home/mscroboticslaptop19/ros2_ws/src/LIO-SAM/install/lio_sam/local/lib/python3.10/dist-packages/lio_sam/lio_sam_s__rosidl_typesupport_c.cpython-310-x86_64-linux-gnu.so
[80.753s] -- Set runtime path of "/home/mscroboticslaptop19/ros2_ws/src/LIO-SAM/install/lio_sam/local/lib/python3.10/dist-packages/lio_sam/lio_sam_s__rosidl_typesupport_c.cpython-310-x86_64-linux-gnu.so" to ""
[80.753s] -- Installing: /home/mscroboticslaptop19/ros2_ws/src/LIO-SAM/install/lio_sam/lib/liblio_sam__rosidl_generator_py.so
[80.753s] -- Set runtime path of "/home/mscroboticslaptop19/ros2_ws/src/LIO-SAM/install/lio_sam/lib/liblio_sam__rosidl_generator_py.so" to ""
[80.753s] -- Installing: /home/mscroboticslaptop19/ros2_ws/src/LIO-SAM/install/lio_sam/share/lio_sam/msg/CloudInfo.idl
[80.753s] -- Installing: /home/mscroboticslaptop19/ros2_ws/src/LIO-SAM/install/lio_sam/share/lio_sam/srv/SaveMap.idl
[80.753s] -- Installing: /home/mscroboticslaptop19/ros2_ws/src/LIO-SAM/install/lio_sam/share/lio_sam/msg/CloudInfo.msg
[80.754s] -- Installing: /home/mscroboticslaptop19/ros2_ws/src/LIO-SAM/install/lio_sam/share/lio_sam/srv/SaveMap.srv
[80.754s] -- Installing: /home/mscroboticslaptop19/ros2_ws/src/LIO-SAM/install/lio_sam/share/lio_sam/srv/SaveMap_Request.msg
[80.754s] -- Installing: /home/mscroboticslaptop19/ros2_ws/src/LIO-SAM/install/lio_sam/share/lio_sam/srv/SaveMap_Response.msg
[80.754s] -- Installing: /home/mscroboticslaptop19/ros2_ws/src/LIO-SAM/install/lio_sam/share/lio_sam//launch
[80.755s] -- Installing: /home/mscroboticslaptop19/ros2_ws/src/LIO-SAM/install/lio_sam/share/lio_sam//launch/run.launch.py
[80.755s] -- Installing: /home/mscroboticslaptop19/ros2_ws/src/LIO-SAM/install/lio_sam/share/lio_sam//launch/launch_backup
[80.755s] -- Installing: /home/mscroboticslaptop19/ros2_ws/src/LIO-SAM/install/lio_sam/share/lio_sam//config
[80.755s] -- Installing: /home/mscroboticslaptop19/ros2_ws/src/LIO-SAM/install/lio_sam/share/lio_sam//config/doc
[80.755s] -- Installing: /home/mscroboticslaptop19/ros2_ws/src/LIO-SAM/install/lio_sam/share/lio_sam//config/doc/loop-closure.gif
[80.774s] -- Installing: /home/mscroboticslaptop19/ros2_ws/src/LIO-SAM/install/lio_sam/share/lio_sam//config/doc/paper.pdf
[80.780s] -- Installing: /home/mscroboticslaptop19/ros2_ws/src/LIO-SAM/install/lio_sam/share/lio_sam//config/doc/imu-transform.png
[80.782s] -- Installing: /home/mscroboticslaptop19/ros2_ws/src/LIO-SAM/install/lio_sam/share/lio_sam//config/doc/kitti-map.png
[80.783s] -- Installing: /home/mscroboticslaptop19/ros2_ws/src/LIO-SAM/install/lio_sam/share/lio_sam//config/doc/kitti2bag
[80.783s] -- Installing: /home/mscroboticslaptop19/ros2_ws/src/LIO-SAM/install/lio_sam/share/lio_sam//config/doc/kitti2bag/kitti2bag.py
[80.783s] -- Installing: /home/mscroboticslaptop19/ros2_ws/src/LIO-SAM/install/lio_sam/share/lio_sam//config/doc/kitti2bag/README.md
[80.783s] -- Installing: /home/mscroboticslaptop19/ros2_ws/src/LIO-SAM/install/lio_sam/share/lio_sam//config/doc/device-boat.png
[80.784s] -- Installing: /home/mscroboticslaptop19/ros2_ws/src/LIO-SAM/install/lio_sam/share/lio_sam//config/doc/device-jackal.png
[80.784s] -- Installing: /home/mscroboticslaptop19/ros2_ws/src/LIO-SAM/install/lio_sam/share/lio_sam//config/doc/gps-demo.gif
[80.797s] -- Installing: /home/mscroboticslaptop19/ros2_ws/src/LIO-SAM/install/lio_sam/share/lio_sam//config/doc/device-hand.png
[80.797s] -- Installing: /home/mscroboticslaptop19/ros2_ws/src/LIO-SAM/install/lio_sam/share/lio_sam//config/doc/kitti-demo.gif
[80.817s] -- Installing: /home/mscroboticslaptop19/ros2_ws/src/LIO-SAM/install/lio_sam/share/lio_sam//config/doc/device-hand-2.png
[80.818s] -- Installing: /home/mscroboticslaptop19/ros2_ws/src/LIO-SAM/install/lio_sam/share/lio_sam//config/doc/imu-debug.gif
[80.826s] -- Installing: /home/mscroboticslaptop19/ros2_ws/src/LIO-SAM/install/lio_sam/share/lio_sam//config/doc/demo.gif
[80.839s] -- Installing: /home/mscroboticslaptop19/ros2_ws/src/LIO-SAM/install/lio_sam/share/lio_sam//config/doc/loop-closure-2.gif
[80.863s] -- Installing: /home/mscroboticslaptop19/ros2_ws/src/LIO-SAM/install/lio_sam/share/lio_sam//config/doc/ouster-device.jpg
[80.864s] -- Installing: /home/mscroboticslaptop19/ros2_ws/src/LIO-SAM/install/lio_sam/share/lio_sam//config/doc/system.png
[80.866s] -- Installing: /home/mscroboticslaptop19/ros2_ws/src/LIO-SAM/install/lio_sam/share/lio_sam//config/doc/ouster-demo.gif
[80.882s] -- Installing: /home/mscroboticslaptop19/ros2_ws/src/LIO-SAM/install/lio_sam/share/lio_sam//config/rviz2.rviz
[80.882s] -- Installing: /home/mscroboticslaptop19/ros2_ws/src/LIO-SAM/install/lio_sam/share/lio_sam//config/example_gazebo.xacro
[80.882s] -- Installing: /home/mscroboticslaptop19/ros2_ws/src/LIO-SAM/install/lio_sam/share/lio_sam//config/params.yaml
[80.882s] -- Installing: /home/mscroboticslaptop19/ros2_ws/src/LIO-SAM/install/lio_sam/share/lio_sam//config/robot.urdf.xacro
[80.883s] -- Installing: /home/mscroboticslaptop19/ros2_ws/src/LIO-SAM/install/lio_sam/share/lio_sam//config/robot_backup1.urdf.xacro
[80.883s] -- Installing: /home/mscroboticslaptop19/ros2_ws/src/LIO-SAM/install/lio_sam/share/lio_sam//config/xacro_backup
[80.883s] -- Installing: /home/mscroboticslaptop19/ros2_ws/src/LIO-SAM/install/lio_sam/lib/lio_sam/lio_sam_imageProjection
[80.884s] -- Set runtime path of "/home/mscroboticslaptop19/ros2_ws/src/LIO-SAM/install/lio_sam/lib/lio_sam/lio_sam_imageProjection" to ""
[80.885s] -- Installing: /home/mscroboticslaptop19/ros2_ws/src/LIO-SAM/install/lio_sam/lib/lio_sam/lio_sam_imuPreintegration
[80.886s] -- Set runtime path of "/home/mscroboticslaptop19/ros2_ws/src/LIO-SAM/install/lio_sam/lib/lio_sam/lio_sam_imuPreintegration" to ""
[80.886s] -- Installing: /home/mscroboticslaptop19/ros2_ws/src/LIO-SAM/install/lio_sam/lib/lio_sam/lio_sam_featureExtraction
[80.888s] -- Set runtime path of "/home/mscroboticslaptop19/ros2_ws/src/LIO-SAM/install/lio_sam/lib/lio_sam/lio_sam_featureExtraction" to ""
[80.888s] -- Installing: /home/mscroboticslaptop19/ros2_ws/src/LIO-SAM/install/lio_sam/lib/lio_sam/lio_sam_mapOptimization
[80.891s] -- Set runtime path of "/home/mscroboticslaptop19/ros2_ws/src/LIO-SAM/install/lio_sam/lib/lio_sam/lio_sam_mapOptimization" to ""
[80.891s] -- Up-to-date: /home/mscroboticslaptop19/ros2_ws/src/LIO-SAM/install/lio_sam/include
[80.891s] -- Up-to-date: /home/mscroboticslaptop19/ros2_ws/src/LIO-SAM/install/lio_sam/include/lio_sam
[80.891s] -- Installing: /home/mscroboticslaptop19/ros2_ws/src/LIO-SAM/install/lio_sam/include/lio_sam/utility.hpp
[80.892s] -- Installing: /home/mscroboticslaptop19/ros2_ws/src/LIO-SAM/install/lio_sam/share/ament_index/resource_index/package_run_dependencies/lio_sam
[80.892s] -- Installing: /home/mscroboticslaptop19/ros2_ws/src/LIO-SAM/install/lio_sam/share/ament_index/resource_index/parent_prefix_path/lio_sam
[80.892s] -- Installing: /home/mscroboticslaptop19/ros2_ws/src/LIO-SAM/install/lio_sam/share/lio_sam/environment/ament_prefix_path.sh
[80.893s] -- Installing: /home/mscroboticslaptop19/ros2_ws/src/LIO-SAM/install/lio_sam/share/lio_sam/environment/ament_prefix_path.dsv
[80.893s] -- Installing: /home/mscroboticslaptop19/ros2_ws/src/LIO-SAM/install/lio_sam/share/lio_sam/environment/path.sh
[80.893s] -- Installing: /home/mscroboticslaptop19/ros2_ws/src/LIO-SAM/install/lio_sam/share/lio_sam/environment/path.dsv
[80.893s] -- Installing: /home/mscroboticslaptop19/ros2_ws/src/LIO-SAM/install/lio_sam/share/lio_sam/local_setup.bash
[80.893s] -- Installing: /home/mscroboticslaptop19/ros2_ws/src/LIO-SAM/install/lio_sam/share/lio_sam/local_setup.sh
[80.893s] -- Installing: /home/mscroboticslaptop19/ros2_ws/src/LIO-SAM/install/lio_sam/share/lio_sam/local_setup.zsh
[80.893s] -- Installing: /home/mscroboticslaptop19/ros2_ws/src/LIO-SAM/install/lio_sam/share/lio_sam/local_setup.dsv
[80.893s] -- Installing: /home/mscroboticslaptop19/ros2_ws/src/LIO-SAM/install/lio_sam/share/lio_sam/package.dsv
[80.893s] -- Installing: /home/mscroboticslaptop19/ros2_ws/src/LIO-SAM/install/lio_sam/share/ament_index/resource_index/packages/lio_sam
[80.893s] -- Installing: /home/mscroboticslaptop19/ros2_ws/src/LIO-SAM/install/lio_sam/share/lio_sam/cmake/export_lio_sam__rosidl_generator_cExport.cmake
[80.894s] -- Installing: /home/mscroboticslaptop19/ros2_ws/src/LIO-SAM/install/lio_sam/share/lio_sam/cmake/export_lio_sam__rosidl_generator_cExport-release.cmake
[80.894s] -- Installing: /home/mscroboticslaptop19/ros2_ws/src/LIO-SAM/install/lio_sam/share/lio_sam/cmake/export_lio_sam__rosidl_typesupport_fastrtps_cExport.cmake
[80.894s] -- Installing: /home/mscroboticslaptop19/ros2_ws/src/LIO-SAM/install/lio_sam/share/lio_sam/cmake/export_lio_sam__rosidl_typesupport_fastrtps_cExport-release.cmake
[80.894s] -- Installing: /home/mscroboticslaptop19/ros2_ws/src/LIO-SAM/install/lio_sam/share/lio_sam/cmake/lio_sam__rosidl_typesupport_introspection_cExport.cmake
[80.894s] -- Installing: /home/mscroboticslaptop19/ros2_ws/src/LIO-SAM/install/lio_sam/share/lio_sam/cmake/lio_sam__rosidl_typesupport_introspection_cExport-release.cmake
[80.894s] -- Installing: /home/mscroboticslaptop19/ros2_ws/src/LIO-SAM/install/lio_sam/share/lio_sam/cmake/lio_sam__rosidl_typesupport_cExport.cmake
[80.894s] -- Installing: /home/mscroboticslaptop19/ros2_ws/src/LIO-SAM/install/lio_sam/share/lio_sam/cmake/lio_sam__rosidl_typesupport_cExport-release.cmake
[80.895s] -- Installing: /home/mscroboticslaptop19/ros2_ws/src/LIO-SAM/install/lio_sam/share/lio_sam/cmake/export_lio_sam__rosidl_generator_cppExport.cmake
[80.895s] -- Installing: /home/mscroboticslaptop19/ros2_ws/src/LIO-SAM/install/lio_sam/share/lio_sam/cmake/export_lio_sam__rosidl_typesupport_fastrtps_cppExport.cmake
[80.895s] -- Installing: /home/mscroboticslaptop19/ros2_ws/src/LIO-SAM/install/lio_sam/share/lio_sam/cmake/export_lio_sam__rosidl_typesupport_fastrtps_cppExport-release.cmake
[80.895s] -- Installing: /home/mscroboticslaptop19/ros2_ws/src/LIO-SAM/install/lio_sam/share/lio_sam/cmake/lio_sam__rosidl_typesupport_introspection_cppExport.cmake
[80.895s] -- Installing: /home/mscroboticslaptop19/ros2_ws/src/LIO-SAM/install/lio_sam/share/lio_sam/cmake/lio_sam__rosidl_typesupport_introspection_cppExport-release.cmake
[80.895s] -- Installing: /home/mscroboticslaptop19/ros2_ws/src/LIO-SAM/install/lio_sam/share/lio_sam/cmake/lio_sam__rosidl_typesupport_cppExport.cmake
[80.895s] -- Installing: /home/mscroboticslaptop19/ros2_ws/src/LIO-SAM/install/lio_sam/share/lio_sam/cmake/lio_sam__rosidl_typesupport_cppExport-release.cmake
[80.895s] -- Installing: /home/mscroboticslaptop19/ros2_ws/src/LIO-SAM/install/lio_sam/share/lio_sam/cmake/export_lio_sam__rosidl_generator_pyExport.cmake
[80.896s] -- Installing: /home/mscroboticslaptop19/ros2_ws/src/LIO-SAM/install/lio_sam/share/lio_sam/cmake/export_lio_sam__rosidl_generator_pyExport-release.cmake
[80.896s] -- Installing: /home/mscroboticslaptop19/ros2_ws/src/LIO-SAM/install/lio_sam/share/lio_sam/cmake/rosidl_cmake-extras.cmake
[80.896s] -- Installing: /home/mscroboticslaptop19/ros2_ws/src/LIO-SAM/install/lio_sam/share/lio_sam/cmake/ament_cmake_export_dependencies-extras.cmake
[80.896s] -- Installing: /home/mscroboticslaptop19/ros2_ws/src/LIO-SAM/install/lio_sam/share/lio_sam/cmake/ament_cmake_export_include_directories-extras.cmake
[80.896s] -- Installing: /home/mscroboticslaptop19/ros2_ws/src/LIO-SAM/install/lio_sam/share/lio_sam/cmake/ament_cmake_export_libraries-extras.cmake
[80.896s] -- Installing: /home/mscroboticslaptop19/ros2_ws/src/LIO-SAM/install/lio_sam/share/lio_sam/cmake/ament_cmake_export_targets-extras.cmake
[80.897s] -- Installing: /home/mscroboticslaptop19/ros2_ws/src/LIO-SAM/install/lio_sam/share/lio_sam/cmake/rosidl_cmake_export_typesupport_targets-extras.cmake
[80.897s] -- Installing: /home/mscroboticslaptop19/ros2_ws/src/LIO-SAM/install/lio_sam/share/lio_sam/cmake/rosidl_cmake_export_typesupport_libraries-extras.cmake
[80.897s] -- Installing: /home/mscroboticslaptop19/ros2_ws/src/LIO-SAM/install/lio_sam/share/lio_sam/cmake/lio_samConfig.cmake
[80.897s] -- Installing: /home/mscroboticslaptop19/ros2_ws/src/LIO-SAM/install/lio_sam/share/lio_sam/cmake/lio_samConfig-version.cmake
[80.897s] -- Installing: /home/mscroboticslaptop19/ros2_ws/src/LIO-SAM/install/lio_sam/share/lio_sam/package.xml
[80.900s] Invoked command in '/home/mscroboticslaptop19/ros2_ws/src/LIO-SAM/build/lio_sam' returned '0': CMAKE_PREFIX_PATH=${CMAKE_PREFIX_PATH}:/opt/ros/humble /usr/bin/cmake --install /home/mscroboticslaptop19/ros2_ws/src/LIO-SAM/build/lio_sam
